2025-05-20 14:02:12,595 - __main__ - INFO - Starting bot...
2025-05-20 14:02:14,266 - httpx - INFO - HTTP Request: POST https://api.telegram.org/bot7721450926:AAHc3xILNUT4JqRiQJs0WF3gSH9j3QdUndU/getMe "HTTP/1.1 200 OK"
2025-05-20 14:02:14,353 - httpx - INFO - HTTP Request: POST https://api.telegram.org/bot7721450926:AAHc3xILNUT4JqRiQJs0WF3gSH9j3QdUndU/deleteWebhook "HTTP/1.1 200 OK"
2025-05-20 14:02:14,357 - telegram.ext.Application - INFO - Application started
2025-05-20 14:02:24,654 - httpx - INFO - HTTP Request: POST https://api.telegram.org/bot7721450926:AAHc3xILNUT4JqRiQJs0WF3gSH9j3QdUndU/getUpdates "HTTP/1.1 200 OK"
2025-05-20 14:02:24,866 - httpx - INFO - HTTP Request: POST https://api.telegram.org/bot7721450926:AAHc3xILNUT4JqRiQJs0WF3gSH9j3QdUndU/getUpdates "HTTP/1.1 200 OK"
2025-05-20 14:02:34,947 - httpx - INFO - HTTP Request: POST https://api.telegram.org/bot7721450926:AAHc3xILNUT4JqRiQJs0WF3gSH9j3QdUndU/getUpdates "HTTP/1.1 200 OK"
2025-05-20 14:02:45,025 - httpx - INFO - HTTP Request: POST https://api.telegram.org/bot7721450926:AAHc3xILNUT4JqRiQJs0WF3gSH9j3QdUndU/getUpdates "HTTP/1.1 200 OK"
2025-05-20 14:02:55,119 - httpx - INFO - HTTP Request: POST https://api.telegram.org/bot7721450926:AAHc3xILNUT4JqRiQJs0WF3gSH9j3QdUndU/getUpdates "HTTP/1.1 200 OK"
2025-05-20 14:03:05,205 - httpx - INFO - HTTP Request: POST https://api.telegram.org/bot7721450926:AAHc3xILNUT4JqRiQJs0WF3gSH9j3QdUndU/getUpdates "HTTP/1.1 200 OK"
2025-05-20 14:03:15,285 - httpx - INFO - HTTP Request: POST https://api.telegram.org/bot7721450926:AAHc3xILNUT4JqRiQJs0WF3gSH9j3QdUndU/getUpdates "HTTP/1.1 200 OK"
2025-05-20 14:03:25,370 - httpx - INFO - HTTP Request: POST https://api.telegram.org/bot7721450926:AAHc3xILNUT4JqRiQJs0WF3gSH9j3QdUndU/getUpdates "HTTP/1.1 200 OK"
2025-05-20 14:03:35,445 - httpx - INFO - HTTP Request: POST https://api.telegram.org/bot7721450926:AAHc3xILNUT4JqRiQJs0WF3gSH9j3QdUndU/getUpdates "HTTP/1.1 200 OK"
2025-05-20 14:03:45,535 - httpx - INFO - HTTP Request: POST https://api.telegram.org/bot7721450926:AAHc3xILNUT4JqRiQJs0WF3gSH9j3QdUndU/getUpdates "HTTP/1.1 200 OK"
2025-05-20 14:03:55,616 - httpx - INFO - HTTP Request: POST https://api.telegram.org/bot7721450926:AAHc3xILNUT4JqRiQJs0WF3gSH9j3QdUndU/getUpdates "HTTP/1.1 200 OK"
2025-05-20 14:04:05,705 - httpx - INFO - HTTP Request: POST https://api.telegram.org/bot7721450926:AAHc3xILNUT4JqRiQJs0WF3gSH9j3QdUndU/getUpdates "HTTP/1.1 200 OK"
2025-05-20 14:04:15,835 - httpx - INFO - HTTP Request: POST https://api.telegram.org/bot7721450926:AAHc3xILNUT4JqRiQJs0WF3gSH9j3QdUndU/getUpdates "HTTP/1.1 200 OK"
2025-05-20 14:04:25,904 - httpx - INFO - HTTP Request: POST https://api.telegram.org/bot7721450926:AAHc3xILNUT4JqRiQJs0WF3gSH9j3QdUndU/getUpdates "HTTP/1.1 200 OK"
2025-05-20 14:04:35,995 - httpx - INFO - HTTP Request: POST https://api.telegram.org/bot7721450926:AAHc3xILNUT4JqRiQJs0WF3gSH9j3QdUndU/getUpdates "HTTP/1.1 200 OK"
2025-05-20 14:04:46,134 - httpx - INFO - HTTP Request: POST https://api.telegram.org/bot7721450926:AAHc3xILNUT4JqRiQJs0WF3gSH9j3QdUndU/getUpdates "HTTP/1.1 200 OK"
2025-05-20 14:04:56,214 - httpx - INFO - HTTP Request: POST https://api.telegram.org/bot7721450926:AAHc3xILNUT4JqRiQJs0WF3gSH9j3QdUndU/getUpdates "HTTP/1.1 200 OK"
2025-05-20 14:05:06,294 - httpx - INFO - HTTP Request: POST https://api.telegram.org/bot7721450926:AAHc3xILNUT4JqRiQJs0WF3gSH9j3QdUndU/getUpdates "HTTP/1.1 200 OK"
2025-05-20 14:05:16,385 - httpx - INFO - HTTP Request: POST https://api.telegram.org/bot7721450926:AAHc3xILNUT4JqRiQJs0WF3gSH9j3QdUndU/getUpdates "HTTP/1.1 200 OK"
2025-05-20 14:05:26,544 - httpx - INFO - HTTP Request: POST https://api.telegram.org/bot7721450926:AAHc3xILNUT4JqRiQJs0WF3gSH9j3QdUndU/getUpdates "HTTP/1.1 200 OK"
2025-05-20 14:05:36,659 - httpx - INFO - HTTP Request: POST https://api.telegram.org/bot7721450926:AAHc3xILNUT4JqRiQJs0WF3gSH9j3QdUndU/getUpdates "HTTP/1.1 200 OK"
2025-05-20 14:05:46,734 - httpx - INFO - HTTP Request: POST https://api.telegram.org/bot7721450926:AAHc3xILNUT4JqRiQJs0WF3gSH9j3QdUndU/getUpdates "HTTP/1.1 200 OK"
2025-05-20 14:05:56,824 - httpx - INFO - HTTP Request: POST https://api.telegram.org/bot7721450926:AAHc3xILNUT4JqRiQJs0WF3gSH9j3QdUndU/getUpdates "HTTP/1.1 200 OK"
2025-05-20 14:06:07,054 - httpx - INFO - HTTP Request: POST https://api.telegram.org/bot7721450926:AAHc3xILNUT4JqRiQJs0WF3gSH9j3QdUndU/getUpdates "HTTP/1.1 200 OK"
2025-05-20 14:06:17,134 - httpx - INFO - HTTP Request: POST https://api.telegram.org/bot7721450926:AAHc3xILNUT4JqRiQJs0WF3gSH9j3QdUndU/getUpdates "HTTP/1.1 200 OK"
2025-05-20 14:06:27,214 - httpx - INFO - HTTP Request: POST https://api.telegram.org/bot7721450926:AAHc3xILNUT4JqRiQJs0WF3gSH9j3QdUndU/getUpdates "HTTP/1.1 200 OK"
2025-05-20 14:06:37,294 - httpx - INFO - HTTP Request: POST https://api.telegram.org/bot7721450926:AAHc3xILNUT4JqRiQJs0WF3gSH9j3QdUndU/getUpdates "HTTP/1.1 200 OK"
2025-05-20 14:06:47,373 - httpx - INFO - HTTP Request: POST https://api.telegram.org/bot7721450926:AAHc3xILNUT4JqRiQJs0WF3gSH9j3QdUndU/getUpdates "HTTP/1.1 200 OK"
2025-05-20 14:06:57,462 - httpx - INFO - HTTP Request: POST https://api.telegram.org/bot7721450926:AAHc3xILNUT4JqRiQJs0WF3gSH9j3QdUndU/getUpdates "HTTP/1.1 200 OK"
2025-05-20 14:07:07,562 - httpx - INFO - HTTP Request: POST https://api.telegram.org/bot7721450926:AAHc3xILNUT4JqRiQJs0WF3gSH9j3QdUndU/getUpdates "HTTP/1.1 200 OK"
2025-05-20 14:07:17,634 - httpx - INFO - HTTP Request: POST https://api.telegram.org/bot7721450926:AAHc3xILNUT4JqRiQJs0WF3gSH9j3QdUndU/getUpdates "HTTP/1.1 200 OK"
2025-05-20 14:07:27,721 - httpx - INFO - HTTP Request: POST https://api.telegram.org/bot7721450926:AAHc3xILNUT4JqRiQJs0WF3gSH9j3QdUndU/getUpdates "HTTP/1.1 200 OK"
2025-05-20 14:07:37,800 - httpx - INFO - HTTP Request: POST https://api.telegram.org/bot7721450926:AAHc3xILNUT4JqRiQJs0WF3gSH9j3QdUndU/getUpdates "HTTP/1.1 200 OK"
2025-05-20 14:07:47,880 - httpx - INFO - HTTP Request: POST https://api.telegram.org/bot7721450926:AAHc3xILNUT4JqRiQJs0WF3gSH9j3QdUndU/getUpdates "HTTP/1.1 200 OK"
2025-05-20 14:07:57,960 - httpx - INFO - HTTP Request: POST https://api.telegram.org/bot7721450926:AAHc3xILNUT4JqRiQJs0WF3gSH9j3QdUndU/getUpdates "HTTP/1.1 200 OK"
2025-05-20 14:08:08,040 - httpx - INFO - HTTP Request: POST https://api.telegram.org/bot7721450926:AAHc3xILNUT4JqRiQJs0WF3gSH9j3QdUndU/getUpdates "HTTP/1.1 200 OK"
2025-05-20 14:08:18,143 - httpx - INFO - HTTP Request: POST https://api.telegram.org/bot7721450926:AAHc3xILNUT4JqRiQJs0WF3gSH9j3QdUndU/getUpdates "HTTP/1.1 200 OK"
2025-05-20 14:08:28,250 - httpx - INFO - HTTP Request: POST https://api.telegram.org/bot7721450926:AAHc3xILNUT4JqRiQJs0WF3gSH9j3QdUndU/getUpdates "HTTP/1.1 200 OK"
2025-05-20 14:08:38,351 - httpx - INFO - HTTP Request: POST https://api.telegram.org/bot7721450926:AAHc3xILNUT4JqRiQJs0WF3gSH9j3QdUndU/getUpdates "HTTP/1.1 200 OK"
2025-05-20 14:08:48,483 - httpx - INFO - HTTP Request: POST https://api.telegram.org/bot7721450926:AAHc3xILNUT4JqRiQJs0WF3gSH9j3QdUndU/getUpdates "HTTP/1.1 200 OK"
2025-05-20 14:08:58,615 - httpx - INFO - HTTP Request: POST https://api.telegram.org/bot7721450926:AAHc3xILNUT4JqRiQJs0WF3gSH9j3QdUndU/getUpdates "HTTP/1.1 200 OK"
2025-05-20 14:09:08,690 - httpx - INFO - HTTP Request: POST https://api.telegram.org/bot7721450926:AAHc3xILNUT4JqRiQJs0WF3gSH9j3QdUndU/getUpdates "HTTP/1.1 200 OK"
2025-05-20 14:09:19,105 - httpx - INFO - HTTP Request: POST https://api.telegram.org/bot7721450926:AAHc3xILNUT4JqRiQJs0WF3gSH9j3QdUndU/getUpdates "HTTP/1.1 200 OK"
2025-05-20 14:09:29,200 - httpx - INFO - HTTP Request: POST https://api.telegram.org/bot7721450926:AAHc3xILNUT4JqRiQJs0WF3gSH9j3QdUndU/getUpdates "HTTP/1.1 200 OK"
2025-05-20 14:09:34,030 - httpx - INFO - HTTP Request: POST https://api.telegram.org/bot7721450926:AAHc3xILNUT4JqRiQJs0WF3gSH9j3QdUndU/getUpdates "HTTP/1.1 200 OK"
2025-05-20 14:09:34,036 - __main__ - INFO - Help command received from user 1052390992
2025-05-20 14:09:34,390 - httpx - INFO - HTTP Request: POST https://api.telegram.org/bot7721450926:AAHc3xILNUT4JqRiQJs0WF3gSH9j3QdUndU/sendMessage "HTTP/1.1 200 OK"
2025-05-20 14:09:35,910 - httpx - INFO - HTTP Request: POST https://api.telegram.org/bot7721450926:AAHc3xILNUT4JqRiQJs0WF3gSH9j3QdUndU/getUpdates "HTTP/1.1 200 OK"
2025-05-20 14:09:37,645 - httpx - INFO - HTTP Request: POST https://api.telegram.org/bot7721450926:AAHc3xILNUT4JqRiQJs0WF3gSH9j3QdUndU/getUpdates "HTTP/1.1 200 OK"
2025-05-20 14:09:39,927 - httpx - INFO - HTTP Request: POST https://api.telegram.org/bot7721450926:AAHc3xILNUT4JqRiQJs0WF3gSH9j3QdUndU/getUpdates "HTTP/1.1 200 OK"
2025-05-20 14:09:39,933 - __main__ - INFO - Help command received from user 1052390992
2025-05-20 14:09:40,275 - httpx - INFO - HTTP Request: POST https://api.telegram.org/bot7721450926:AAHc3xILNUT4JqRiQJs0WF3gSH9j3QdUndU/sendMessage "HTTP/1.1 200 OK"
2025-05-20 14:09:41,398 - httpx - INFO - HTTP Request: POST https://api.telegram.org/bot7721450926:AAHc3xILNUT4JqRiQJs0WF3gSH9j3QdUndU/getUpdates "HTTP/1.1 200 OK"
2025-05-20 14:09:51,484 - httpx - INFO - HTTP Request: POST https://api.telegram.org/bot7721450926:AAHc3xILNUT4JqRiQJs0WF3gSH9j3QdUndU/getUpdates "HTTP/1.1 200 OK"
2025-05-20 14:10:01,560 - httpx - INFO - HTTP Request: POST https://api.telegram.org/bot7721450926:AAHc3xILNUT4JqRiQJs0WF3gSH9j3QdUndU/getUpdates "HTTP/1.1 200 OK"
2025-05-20 14:10:11,630 - httpx - INFO - HTTP Request: POST https://api.telegram.org/bot7721450926:AAHc3xILNUT4JqRiQJs0WF3gSH9j3QdUndU/getUpdates "HTTP/1.1 200 OK"
2025-05-20 14:10:21,721 - httpx - INFO - HTTP Request: POST https://api.telegram.org/bot7721450926:AAHc3xILNUT4JqRiQJs0WF3gSH9j3QdUndU/getUpdates "HTTP/1.1 200 OK"
2025-05-20 14:10:31,812 - httpx - INFO - HTTP Request: POST https://api.telegram.org/bot7721450926:AAHc3xILNUT4JqRiQJs0WF3gSH9j3QdUndU/getUpdates "HTTP/1.1 200 OK"
2025-05-20 14:10:41,937 - httpx - INFO - HTTP Request: POST https://api.telegram.org/bot7721450926:AAHc3xILNUT4JqRiQJs0WF3gSH9j3QdUndU/getUpdates "HTTP/1.1 200 OK"
2025-05-20 14:10:52,020 - httpx - INFO - HTTP Request: POST https://api.telegram.org/bot7721450926:AAHc3xILNUT4JqRiQJs0WF3gSH9j3QdUndU/getUpdates "HTTP/1.1 200 OK"
2025-05-20 14:11:02,101 - httpx - INFO - HTTP Request: POST https://api.telegram.org/bot7721450926:AAHc3xILNUT4JqRiQJs0WF3gSH9j3QdUndU/getUpdates "HTTP/1.1 200 OK"
2025-05-20 14:11:12,184 - httpx - INFO - HTTP Request: POST https://api.telegram.org/bot7721450926:AAHc3xILNUT4JqRiQJs0WF3gSH9j3QdUndU/getUpdates "HTTP/1.1 200 OK"
2025-05-20 14:11:22,274 - httpx - INFO - HTTP Request: POST https://api.telegram.org/bot7721450926:AAHc3xILNUT4JqRiQJs0WF3gSH9j3QdUndU/getUpdates "HTTP/1.1 200 OK"
2025-05-20 14:11:32,357 - httpx - INFO - HTTP Request: POST https://api.telegram.org/bot7721450926:AAHc3xILNUT4JqRiQJs0WF3gSH9j3QdUndU/getUpdates "HTTP/1.1 200 OK"
2025-05-20 14:11:42,447 - httpx - INFO - HTTP Request: POST https://api.telegram.org/bot7721450926:AAHc3xILNUT4JqRiQJs0WF3gSH9j3QdUndU/getUpdates "HTTP/1.1 200 OK"
2025-05-20 14:11:52,520 - httpx - INFO - HTTP Request: POST https://api.telegram.org/bot7721450926:AAHc3xILNUT4JqRiQJs0WF3gSH9j3QdUndU/getUpdates "HTTP/1.1 200 OK"
2025-05-20 14:12:02,602 - httpx - INFO - HTTP Request: POST https://api.telegram.org/bot7721450926:AAHc3xILNUT4JqRiQJs0WF3gSH9j3QdUndU/getUpdates "HTTP/1.1 200 OK"
2025-05-20 14:12:12,691 - httpx - INFO - HTTP Request: POST https://api.telegram.org/bot7721450926:AAHc3xILNUT4JqRiQJs0WF3gSH9j3QdUndU/getUpdates "HTTP/1.1 200 OK"
2025-05-20 14:12:22,775 - httpx - INFO - HTTP Request: POST https://api.telegram.org/bot7721450926:AAHc3xILNUT4JqRiQJs0WF3gSH9j3QdUndU/getUpdates "HTTP/1.1 200 OK"
2025-05-20 14:12:32,859 - httpx - INFO - HTTP Request: POST https://api.telegram.org/bot7721450926:AAHc3xILNUT4JqRiQJs0WF3gSH9j3QdUndU/getUpdates "HTTP/1.1 200 OK"
2025-05-20 14:12:42,229 - httpx - INFO - HTTP Request: POST https://api.telegram.org/bot7721450926:AAHc3xILNUT4JqRiQJs0WF3gSH9j3QdUndU/getMe "HTTP/1.1 200 OK"
2025-05-20 14:12:42,364 - httpx - INFO - HTTP Request: POST https://api.telegram.org/bot7721450926:AAHc3xILNUT4JqRiQJs0WF3gSH9j3QdUndU/deleteWebhook "HTTP/1.1 200 OK"
2025-05-20 14:12:42,369 - telegram.ext.Application - INFO - Application started
2025-05-20 14:12:46,551 - httpx - INFO - HTTP Request: POST https://api.telegram.org/bot7721450926:AAHc3xILNUT4JqRiQJs0WF3gSH9j3QdUndU/getUpdates "HTTP/1.1 200 OK"
2025-05-20 14:12:46,551 - __main__ - INFO - Start command received from user 1052390992
2025-05-20 14:12:46,721 - httpx - INFO - HTTP Request: POST https://api.telegram.org/bot7721450926:AAHc3xILNUT4JqRiQJs0WF3gSH9j3QdUndU/sendMessage "HTTP/1.1 200 OK"
2025-05-20 14:12:46,722 - __main__ - INFO - Start message sent to user 1052390992
2025-05-20 14:12:48,197 - httpx - INFO - HTTP Request: POST https://api.telegram.org/bot7721450926:AAHc3xILNUT4JqRiQJs0WF3gSH9j3QdUndU/getUpdates "HTTP/1.1 200 OK"
2025-05-20 14:12:48,346 - httpx - INFO - HTTP Request: POST https://api.telegram.org/bot7721450926:AAHc3xILNUT4JqRiQJs0WF3gSH9j3QdUndU/answerCallbackQuery "HTTP/1.1 200 OK"
2025-05-20 14:12:48,515 - httpx - INFO - HTTP Request: POST https://api.telegram.org/bot7721450926:AAHc3xILNUT4JqRiQJs0WF3gSH9j3QdUndU/editMessageText "HTTP/1.1 200 OK"
2025-05-20 14:12:49,879 - httpx - INFO - HTTP Request: POST https://api.telegram.org/bot7721450926:AAHc3xILNUT4JqRiQJs0WF3gSH9j3QdUndU/getUpdates "HTTP/1.1 200 OK"
2025-05-20 14:12:50,069 - httpx - INFO - HTTP Request: POST https://api.telegram.org/bot7721450926:AAHc3xILNUT4JqRiQJs0WF3gSH9j3QdUndU/answerCallbackQuery "HTTP/1.1 200 OK"
2025-05-20 14:12:50,198 - httpx - INFO - HTTP Request: POST https://api.telegram.org/bot7721450926:AAHc3xILNUT4JqRiQJs0WF3gSH9j3QdUndU/editMessageText "HTTP/1.1 200 OK"
2025-05-20 14:12:54,281 - httpx - INFO - HTTP Request: POST https://api.telegram.org/bot7721450926:AAHc3xILNUT4JqRiQJs0WF3gSH9j3QdUndU/getUpdates "HTTP/1.1 200 OK"
2025-05-20 14:12:54,387 - httpx - INFO - HTTP Request: POST https://api.telegram.org/bot7721450926:AAHc3xILNUT4JqRiQJs0WF3gSH9j3QdUndU/sendMessage "HTTP/1.1 200 OK"
2025-05-20 14:12:56,311 - httpx - INFO - HTTP Request: POST https://api.telegram.org/bot7721450926:AAHc3xILNUT4JqRiQJs0WF3gSH9j3QdUndU/getUpdates "HTTP/1.1 200 OK"
2025-05-20 14:12:56,459 - httpx - INFO - HTTP Request: POST https://api.telegram.org/bot7721450926:AAHc3xILNUT4JqRiQJs0WF3gSH9j3QdUndU/sendMessage "HTTP/1.1 200 OK"
2025-05-20 14:12:57,821 - httpx - INFO - HTTP Request: POST https://api.telegram.org/bot7721450926:AAHc3xILNUT4JqRiQJs0WF3gSH9j3QdUndU/getUpdates "HTTP/1.1 200 OK"
2025-05-20 14:12:57,914 - httpx - INFO - HTTP Request: POST https://api.telegram.org/bot7721450926:AAHc3xILNUT4JqRiQJs0WF3gSH9j3QdUndU/answerCallbackQuery "HTTP/1.1 200 OK"
2025-05-20 14:12:58,015 - httpx - INFO - HTTP Request: POST https://api.telegram.org/bot7721450926:AAHc3xILNUT4JqRiQJs0WF3gSH9j3QdUndU/editMessageText "HTTP/1.1 200 OK"
2025-05-20 14:12:59,747 - httpx - INFO - HTTP Request: POST https://api.telegram.org/bot7721450926:AAHc3xILNUT4JqRiQJs0WF3gSH9j3QdUndU/getUpdates "HTTP/1.1 200 OK"
2025-05-20 14:12:59,869 - httpx - INFO - HTTP Request: POST https://api.telegram.org/bot7721450926:AAHc3xILNUT4JqRiQJs0WF3gSH9j3QdUndU/sendMessage "HTTP/1.1 200 OK"
2025-05-20 14:13:02,250 - httpx - INFO - HTTP Request: POST https://api.telegram.org/bot7721450926:AAHc3xILNUT4JqRiQJs0WF3gSH9j3QdUndU/getUpdates "HTTP/1.1 200 OK"
2025-05-20 14:13:02,362 - httpx - INFO - HTTP Request: POST https://api.telegram.org/bot7721450926:AAHc3xILNUT4JqRiQJs0WF3gSH9j3QdUndU/sendMessage "HTTP/1.1 200 OK"
2025-05-20 14:13:05,885 - httpx - INFO - HTTP Request: POST https://api.telegram.org/bot7721450926:AAHc3xILNUT4JqRiQJs0WF3gSH9j3QdUndU/getUpdates "HTTP/1.1 200 OK"
2025-05-20 14:13:05,996 - httpx - INFO - HTTP Request: POST https://api.telegram.org/bot7721450926:AAHc3xILNUT4JqRiQJs0WF3gSH9j3QdUndU/sendMessage "HTTP/1.1 200 OK"
2025-05-20 14:13:08,329 - httpx - INFO - HTTP Request: POST https://api.telegram.org/bot7721450926:AAHc3xILNUT4JqRiQJs0WF3gSH9j3QdUndU/getUpdates "HTTP/1.1 200 OK"
2025-05-20 14:13:08,485 - httpx - INFO - HTTP Request: POST https://api.telegram.org/bot7721450926:AAHc3xILNUT4JqRiQJs0WF3gSH9j3QdUndU/sendMessage "HTTP/1.1 200 OK"
2025-05-20 14:13:12,140 - httpx - INFO - HTTP Request: POST https://api.telegram.org/bot7721450926:AAHc3xILNUT4JqRiQJs0WF3gSH9j3QdUndU/getUpdates "HTTP/1.1 200 OK"
2025-05-20 14:13:12,157 - root - INFO - Successfully saved customer data to Excel
2025-05-20 14:13:12,295 - httpx - INFO - HTTP Request: POST https://api.telegram.org/bot7721450926:AAHc3xILNUT4JqRiQJs0WF3gSH9j3QdUndU/sendMessage "HTTP/1.1 200 OK"
2025-05-20 14:13:22,229 - httpx - INFO - HTTP Request: POST https://api.telegram.org/bot7721450926:AAHc3xILNUT4JqRiQJs0WF3gSH9j3QdUndU/getUpdates "HTTP/1.1 200 OK"
2025-05-20 14:13:32,319 - httpx - INFO - HTTP Request: POST https://api.telegram.org/bot7721450926:AAHc3xILNUT4JqRiQJs0WF3gSH9j3QdUndU/getUpdates "HTTP/1.1 200 OK"
2025-05-20 14:13:42,399 - httpx - INFO - HTTP Request: POST https://api.telegram.org/bot7721450926:AAHc3xILNUT4JqRiQJs0WF3gSH9j3QdUndU/getUpdates "HTTP/1.1 200 OK"
2025-05-20 14:13:52,480 - httpx - INFO - HTTP Request: POST https://api.telegram.org/bot7721450926:AAHc3xILNUT4JqRiQJs0WF3gSH9j3QdUndU/getUpdates "HTTP/1.1 200 OK"
2025-05-20 14:14:02,579 - httpx - INFO - HTTP Request: POST https://api.telegram.org/bot7721450926:AAHc3xILNUT4JqRiQJs0WF3gSH9j3QdUndU/getUpdates "HTTP/1.1 200 OK"
2025-05-20 14:14:12,664 - httpx - INFO - HTTP Request: POST https://api.telegram.org/bot7721450926:AAHc3xILNUT4JqRiQJs0WF3gSH9j3QdUndU/getUpdates "HTTP/1.1 200 OK"
2025-05-20 14:14:22,766 - httpx - INFO - HTTP Request: POST https://api.telegram.org/bot7721450926:AAHc3xILNUT4JqRiQJs0WF3gSH9j3QdUndU/getUpdates "HTTP/1.1 200 OK"
2025-05-20 14:14:32,840 - httpx - INFO - HTTP Request: POST https://api.telegram.org/bot7721450926:AAHc3xILNUT4JqRiQJs0WF3gSH9j3QdUndU/getUpdates "HTTP/1.1 200 OK"
2025-05-20 14:14:42,934 - httpx - INFO - HTTP Request: POST https://api.telegram.org/bot7721450926:AAHc3xILNUT4JqRiQJs0WF3gSH9j3QdUndU/getUpdates "HTTP/1.1 200 OK"
2025-05-20 14:14:53,011 - httpx - INFO - HTTP Request: POST https://api.telegram.org/bot7721450926:AAHc3xILNUT4JqRiQJs0WF3gSH9j3QdUndU/getUpdates "HTTP/1.1 200 OK"
2025-05-20 14:15:03,094 - httpx - INFO - HTTP Request: POST https://api.telegram.org/bot7721450926:AAHc3xILNUT4JqRiQJs0WF3gSH9j3QdUndU/getUpdates "HTTP/1.1 200 OK"
2025-05-20 14:15:13,169 - httpx - INFO - HTTP Request: POST https://api.telegram.org/bot7721450926:AAHc3xILNUT4JqRiQJs0WF3gSH9j3QdUndU/getUpdates "HTTP/1.1 200 OK"
2025-05-20 14:28:06,412 - httpx - INFO - HTTP Request: POST https://api.telegram.org/bot7721450926:AAHc3xILNUT4JqRiQJs0WF3gSH9j3QdUndU/getMe "HTTP/1.1 200 OK"
2025-05-20 14:28:06,486 - httpx - INFO - HTTP Request: POST https://api.telegram.org/bot7721450926:AAHc3xILNUT4JqRiQJs0WF3gSH9j3QdUndU/deleteWebhook "HTTP/1.1 200 OK"
2025-05-20 14:28:06,486 - telegram.ext.Application - INFO - Application started
2025-05-20 14:28:06,737 - httpx - INFO - HTTP Request: POST https://api.telegram.org/bot7721450926:AAHc3xILNUT4JqRiQJs0WF3gSH9j3QdUndU/getUpdates "HTTP/1.1 200 OK"
2025-05-20 14:28:06,747 - __main__ - INFO - Start command received from user 1052390992
2025-05-20 14:28:06,877 - httpx - INFO - HTTP Request: POST https://api.telegram.org/bot7721450926:AAHc3xILNUT4JqRiQJs0WF3gSH9j3QdUndU/sendMessage "HTTP/1.1 200 OK"
2025-05-20 14:28:06,877 - __main__ - INFO - Start message sent to user 1052390992
2025-05-20 14:28:16,837 - httpx - INFO - HTTP Request: POST https://api.telegram.org/bot7721450926:AAHc3xILNUT4JqRiQJs0WF3gSH9j3QdUndU/getUpdates "HTTP/1.1 200 OK"
2025-05-20 14:28:20,190 - httpx - INFO - HTTP Request: POST https://api.telegram.org/bot7721450926:AAHc3xILNUT4JqRiQJs0WF3gSH9j3QdUndU/getUpdates "HTTP/1.1 200 OK"
2025-05-20 14:28:27,157 - httpx - INFO - HTTP Request: POST https://api.telegram.org/bot7721450926:AAHc3xILNUT4JqRiQJs0WF3gSH9j3QdUndU/getUpdates "HTTP/1.1 200 OK"
2025-05-20 14:28:27,402 - httpx - INFO - HTTP Request: POST https://api.telegram.org/bot7721450926:AAHc3xILNUT4JqRiQJs0WF3gSH9j3QdUndU/answerCallbackQuery "HTTP/1.1 200 OK"
2025-05-20 14:28:27,509 - httpx - INFO - HTTP Request: POST https://api.telegram.org/bot7721450926:AAHc3xILNUT4JqRiQJs0WF3gSH9j3QdUndU/editMessageText "HTTP/1.1 200 OK"
2025-05-20 14:28:33,057 - httpx - INFO - HTTP Request: POST https://api.telegram.org/bot7721450926:AAHc3xILNUT4JqRiQJs0WF3gSH9j3QdUndU/getUpdates "HTTP/1.1 200 OK"
2025-05-20 14:28:33,297 - httpx - INFO - HTTP Request: POST https://api.telegram.org/bot7721450926:AAHc3xILNUT4JqRiQJs0WF3gSH9j3QdUndU/answerCallbackQuery "HTTP/1.1 200 OK"
2025-05-20 14:28:33,417 - httpx - INFO - HTTP Request: POST https://api.telegram.org/bot7721450926:AAHc3xILNUT4JqRiQJs0WF3gSH9j3QdUndU/editMessageText "HTTP/1.1 200 OK"
2025-05-20 14:28:40,333 - httpx - INFO - HTTP Request: POST https://api.telegram.org/bot7721450926:AAHc3xILNUT4JqRiQJs0WF3gSH9j3QdUndU/getUpdates "HTTP/1.1 200 OK"
2025-05-20 14:28:40,653 - httpx - INFO - HTTP Request: POST https://api.telegram.org/bot7721450926:AAHc3xILNUT4JqRiQJs0WF3gSH9j3QdUndU/sendMessage "HTTP/1.1 200 OK"
2025-05-20 14:28:50,417 - httpx - INFO - HTTP Request: POST https://api.telegram.org/bot7721450926:AAHc3xILNUT4JqRiQJs0WF3gSH9j3QdUndU/getUpdates "HTTP/1.1 200 OK"
2025-05-20 14:29:00,500 - httpx - INFO - HTTP Request: POST https://api.telegram.org/bot7721450926:AAHc3xILNUT4JqRiQJs0WF3gSH9j3QdUndU/getUpdates "HTTP/1.1 200 OK"
2025-05-20 14:29:03,085 - httpx - INFO - HTTP Request: POST https://api.telegram.org/bot7721450926:AAHc3xILNUT4JqRiQJs0WF3gSH9j3QdUndU/getUpdates "HTTP/1.1 200 OK"
2025-05-20 14:29:03,427 - httpx - INFO - HTTP Request: POST https://api.telegram.org/bot7721450926:AAHc3xILNUT4JqRiQJs0WF3gSH9j3QdUndU/sendMessage "HTTP/1.1 200 OK"
2025-05-20 14:29:12,035 - httpx - INFO - HTTP Request: POST https://api.telegram.org/bot7721450926:AAHc3xILNUT4JqRiQJs0WF3gSH9j3QdUndU/getUpdates "HTTP/1.1 200 OK"
2025-05-20 14:29:12,287 - httpx - INFO - HTTP Request: POST https://api.telegram.org/bot7721450926:AAHc3xILNUT4JqRiQJs0WF3gSH9j3QdUndU/answerCallbackQuery "HTTP/1.1 200 OK"
2025-05-20 14:29:12,410 - httpx - INFO - HTTP Request: POST https://api.telegram.org/bot7721450926:AAHc3xILNUT4JqRiQJs0WF3gSH9j3QdUndU/editMessageText "HTTP/1.1 200 OK"
2025-05-20 14:29:22,131 - httpx - INFO - HTTP Request: POST https://api.telegram.org/bot7721450926:AAHc3xILNUT4JqRiQJs0WF3gSH9j3QdUndU/getUpdates "HTTP/1.1 200 OK"
2025-05-20 14:29:24,421 - httpx - INFO - HTTP Request: POST https://api.telegram.org/bot7721450926:AAHc3xILNUT4JqRiQJs0WF3gSH9j3QdUndU/getUpdates "HTTP/1.1 200 OK"
2025-05-20 14:29:24,746 - httpx - INFO - HTTP Request: POST https://api.telegram.org/bot7721450926:AAHc3xILNUT4JqRiQJs0WF3gSH9j3QdUndU/sendMessage "HTTP/1.1 200 OK"
2025-05-20 14:29:34,512 - httpx - INFO - HTTP Request: POST https://api.telegram.org/bot7721450926:AAHc3xILNUT4JqRiQJs0WF3gSH9j3QdUndU/getUpdates "HTTP/1.1 200 OK"
2025-05-20 14:29:40,497 - httpx - INFO - HTTP Request: POST https://api.telegram.org/bot7721450926:AAHc3xILNUT4JqRiQJs0WF3gSH9j3QdUndU/getUpdates "HTTP/1.1 200 OK"
2025-05-20 14:29:40,820 - httpx - INFO - HTTP Request: POST https://api.telegram.org/bot7721450926:AAHc3xILNUT4JqRiQJs0WF3gSH9j3QdUndU/sendMessage "HTTP/1.1 200 OK"
2025-05-20 14:29:45,096 - httpx - INFO - HTTP Request: POST https://api.telegram.org/bot7721450926:AAHc3xILNUT4JqRiQJs0WF3gSH9j3QdUndU/getUpdates "HTTP/1.1 200 OK"
2025-05-20 14:29:45,226 - httpx - INFO - HTTP Request: POST https://api.telegram.org/bot7721450926:AAHc3xILNUT4JqRiQJs0WF3gSH9j3QdUndU/sendMessage "HTTP/1.1 200 OK"
2025-05-20 14:29:48,626 - httpx - INFO - HTTP Request: POST https://api.telegram.org/bot7721450926:AAHc3xILNUT4JqRiQJs0WF3gSH9j3QdUndU/getUpdates "HTTP/1.1 200 OK"
2025-05-20 14:29:48,766 - httpx - INFO - HTTP Request: POST https://api.telegram.org/bot7721450926:AAHc3xILNUT4JqRiQJs0WF3gSH9j3QdUndU/sendMessage "HTTP/1.1 200 OK"
2025-05-20 14:29:53,183 - httpx - INFO - HTTP Request: POST https://api.telegram.org/bot7721450926:AAHc3xILNUT4JqRiQJs0WF3gSH9j3QdUndU/getUpdates "HTTP/1.1 200 OK"
2025-05-20 14:29:53,226 - root - INFO - Successfully saved customer data to Excel
2025-05-20 14:29:53,351 - httpx - INFO - HTTP Request: POST https://api.telegram.org/bot7721450926:AAHc3xILNUT4JqRiQJs0WF3gSH9j3QdUndU/sendMessage "HTTP/1.1 200 OK"
2025-05-20 14:30:03,307 - httpx - INFO - HTTP Request: POST https://api.telegram.org/bot7721450926:AAHc3xILNUT4JqRiQJs0WF3gSH9j3QdUndU/getUpdates "HTTP/1.1 200 OK"
2025-05-20 14:30:13,396 - httpx - INFO - HTTP Request: POST https://api.telegram.org/bot7721450926:AAHc3xILNUT4JqRiQJs0WF3gSH9j3QdUndU/getUpdates "HTTP/1.1 200 OK"
2025-05-20 14:30:23,476 - httpx - INFO - HTTP Request: POST https://api.telegram.org/bot7721450926:AAHc3xILNUT4JqRiQJs0WF3gSH9j3QdUndU/getUpdates "HTTP/1.1 200 OK"
2025-05-20 14:30:33,566 - httpx - INFO - HTTP Request: POST https://api.telegram.org/bot7721450926:AAHc3xILNUT4JqRiQJs0WF3gSH9j3QdUndU/getUpdates "HTTP/1.1 200 OK"
2025-05-20 14:30:43,674 - httpx - INFO - HTTP Request: POST https://api.telegram.org/bot7721450926:AAHc3xILNUT4JqRiQJs0WF3gSH9j3QdUndU/getUpdates "HTTP/1.1 200 OK"
2025-05-20 14:30:53,758 - httpx - INFO - HTTP Request: POST https://api.telegram.org/bot7721450926:AAHc3xILNUT4JqRiQJs0WF3gSH9j3QdUndU/getUpdates "HTTP/1.1 200 OK"
2025-05-20 14:31:03,876 - httpx - INFO - HTTP Request: POST https://api.telegram.org/bot7721450926:AAHc3xILNUT4JqRiQJs0WF3gSH9j3QdUndU/getUpdates "HTTP/1.1 200 OK"
2025-05-20 14:31:14,056 - httpx - INFO - HTTP Request: POST https://api.telegram.org/bot7721450926:AAHc3xILNUT4JqRiQJs0WF3gSH9j3QdUndU/getUpdates "HTTP/1.1 200 OK"
2025-05-20 14:31:24,146 - httpx - INFO - HTTP Request: POST https://api.telegram.org/bot7721450926:AAHc3xILNUT4JqRiQJs0WF3gSH9j3QdUndU/getUpdates "HTTP/1.1 200 OK"
2025-05-20 14:31:34,230 - httpx - INFO - HTTP Request: POST https://api.telegram.org/bot7721450926:AAHc3xILNUT4JqRiQJs0WF3gSH9j3QdUndU/getUpdates "HTTP/1.1 200 OK"
2025-05-20 14:31:44,316 - httpx - INFO - HTTP Request: POST https://api.telegram.org/bot7721450926:AAHc3xILNUT4JqRiQJs0WF3gSH9j3QdUndU/getUpdates "HTTP/1.1 200 OK"
2025-05-20 14:31:54,406 - httpx - INFO - HTTP Request: POST https://api.telegram.org/bot7721450926:AAHc3xILNUT4JqRiQJs0WF3gSH9j3QdUndU/getUpdates "HTTP/1.1 200 OK"
2025-05-20 14:32:04,486 - httpx - INFO - HTTP Request: POST https://api.telegram.org/bot7721450926:AAHc3xILNUT4JqRiQJs0WF3gSH9j3QdUndU/getUpdates "HTTP/1.1 200 OK"
2025-05-20 14:32:14,576 - httpx - INFO - HTTP Request: POST https://api.telegram.org/bot7721450926:AAHc3xILNUT4JqRiQJs0WF3gSH9j3QdUndU/getUpdates "HTTP/1.1 200 OK"
2025-05-20 14:32:24,686 - httpx - INFO - HTTP Request: POST https://api.telegram.org/bot7721450926:AAHc3xILNUT4JqRiQJs0WF3gSH9j3QdUndU/getUpdates "HTTP/1.1 200 OK"
2025-05-20 14:32:34,780 - httpx - INFO - HTTP Request: POST https://api.telegram.org/bot7721450926:AAHc3xILNUT4JqRiQJs0WF3gSH9j3QdUndU/getUpdates "HTTP/1.1 200 OK"
2025-05-20 14:32:45,018 - httpx - INFO - HTTP Request: POST https://api.telegram.org/bot7721450926:AAHc3xILNUT4JqRiQJs0WF3gSH9j3QdUndU/getUpdates "HTTP/1.1 200 OK"
2025-05-20 14:32:55,103 - httpx - INFO - HTTP Request: POST https://api.telegram.org/bot7721450926:AAHc3xILNUT4JqRiQJs0WF3gSH9j3QdUndU/getUpdates "HTTP/1.1 200 OK"
2025-05-20 14:33:05,239 - httpx - INFO - HTTP Request: POST https://api.telegram.org/bot7721450926:AAHc3xILNUT4JqRiQJs0WF3gSH9j3QdUndU/getUpdates "HTTP/1.1 200 OK"
2025-05-20 14:33:15,316 - httpx - INFO - HTTP Request: POST https://api.telegram.org/bot7721450926:AAHc3xILNUT4JqRiQJs0WF3gSH9j3QdUndU/getUpdates "HTTP/1.1 200 OK"
2025-05-20 14:33:25,417 - httpx - INFO - HTTP Request: POST https://api.telegram.org/bot7721450926:AAHc3xILNUT4JqRiQJs0WF3gSH9j3QdUndU/getUpdates "HTTP/1.1 200 OK"
2025-05-20 14:33:35,520 - httpx - INFO - HTTP Request: POST https://api.telegram.org/bot7721450926:AAHc3xILNUT4JqRiQJs0WF3gSH9j3QdUndU/getUpdates "HTTP/1.1 200 OK"
2025-05-20 14:33:45,606 - httpx - INFO - HTTP Request: POST https://api.telegram.org/bot7721450926:AAHc3xILNUT4JqRiQJs0WF3gSH9j3QdUndU/getUpdates "HTTP/1.1 200 OK"
2025-05-20 14:33:55,696 - httpx - INFO - HTTP Request: POST https://api.telegram.org/bot7721450926:AAHc3xILNUT4JqRiQJs0WF3gSH9j3QdUndU/getUpdates "HTTP/1.1 200 OK"
2025-05-20 14:34:05,778 - httpx - INFO - HTTP Request: POST https://api.telegram.org/bot7721450926:AAHc3xILNUT4JqRiQJs0WF3gSH9j3QdUndU/getUpdates "HTTP/1.1 200 OK"
2025-05-20 14:34:15,881 - httpx - INFO - HTTP Request: POST https://api.telegram.org/bot7721450926:AAHc3xILNUT4JqRiQJs0WF3gSH9j3QdUndU/getUpdates "HTTP/1.1 200 OK"
2025-05-20 14:34:25,965 - httpx - INFO - HTTP Request: POST https://api.telegram.org/bot7721450926:AAHc3xILNUT4JqRiQJs0WF3gSH9j3QdUndU/getUpdates "HTTP/1.1 200 OK"
2025-05-20 14:34:36,046 - httpx - INFO - HTTP Request: POST https://api.telegram.org/bot7721450926:AAHc3xILNUT4JqRiQJs0WF3gSH9j3QdUndU/getUpdates "HTTP/1.1 200 OK"
2025-05-20 14:34:46,143 - httpx - INFO - HTTP Request: POST https://api.telegram.org/bot7721450926:AAHc3xILNUT4JqRiQJs0WF3gSH9j3QdUndU/getUpdates "HTTP/1.1 200 OK"
2025-05-20 14:34:56,225 - httpx - INFO - HTTP Request: POST https://api.telegram.org/bot7721450926:AAHc3xILNUT4JqRiQJs0WF3gSH9j3QdUndU/getUpdates "HTTP/1.1 200 OK"
2025-05-20 14:35:06,326 - httpx - INFO - HTTP Request: POST https://api.telegram.org/bot7721450926:AAHc3xILNUT4JqRiQJs0WF3gSH9j3QdUndU/getUpdates "HTTP/1.1 200 OK"
2025-05-20 14:35:16,410 - httpx - INFO - HTTP Request: POST https://api.telegram.org/bot7721450926:AAHc3xILNUT4JqRiQJs0WF3gSH9j3QdUndU/getUpdates "HTTP/1.1 200 OK"
2025-05-20 14:35:26,490 - httpx - INFO - HTTP Request: POST https://api.telegram.org/bot7721450926:AAHc3xILNUT4JqRiQJs0WF3gSH9j3QdUndU/getUpdates "HTTP/1.1 200 OK"
2025-05-20 14:35:36,580 - httpx - INFO - HTTP Request: POST https://api.telegram.org/bot7721450926:AAHc3xILNUT4JqRiQJs0WF3gSH9j3QdUndU/getUpdates "HTTP/1.1 200 OK"
2025-05-20 14:35:46,741 - httpx - INFO - HTTP Request: POST https://api.telegram.org/bot7721450926:AAHc3xILNUT4JqRiQJs0WF3gSH9j3QdUndU/getUpdates "HTTP/1.1 200 OK"
2025-05-20 14:35:56,845 - httpx - INFO - HTTP Request: POST https://api.telegram.org/bot7721450926:AAHc3xILNUT4JqRiQJs0WF3gSH9j3QdUndU/getUpdates "HTTP/1.1 200 OK"
2025-05-20 14:36:06,965 - httpx - INFO - HTTP Request: POST https://api.telegram.org/bot7721450926:AAHc3xILNUT4JqRiQJs0WF3gSH9j3QdUndU/getUpdates "HTTP/1.1 200 OK"
2025-05-20 14:36:17,109 - httpx - INFO - HTTP Request: POST https://api.telegram.org/bot7721450926:AAHc3xILNUT4JqRiQJs0WF3gSH9j3QdUndU/getUpdates "HTTP/1.1 200 OK"
2025-05-20 14:36:27,215 - httpx - INFO - HTTP Request: POST https://api.telegram.org/bot7721450926:AAHc3xILNUT4JqRiQJs0WF3gSH9j3QdUndU/getUpdates "HTTP/1.1 200 OK"
2025-05-20 14:36:37,295 - httpx - INFO - HTTP Request: POST https://api.telegram.org/bot7721450926:AAHc3xILNUT4JqRiQJs0WF3gSH9j3QdUndU/getUpdates "HTTP/1.1 200 OK"
2025-05-20 14:36:47,380 - httpx - INFO - HTTP Request: POST https://api.telegram.org/bot7721450926:AAHc3xILNUT4JqRiQJs0WF3gSH9j3QdUndU/getUpdates "HTTP/1.1 200 OK"
2025-05-20 14:36:57,464 - httpx - INFO - HTTP Request: POST https://api.telegram.org/bot7721450926:AAHc3xILNUT4JqRiQJs0WF3gSH9j3QdUndU/getUpdates "HTTP/1.1 200 OK"
2025-05-20 14:37:07,556 - httpx - INFO - HTTP Request: POST https://api.telegram.org/bot7721450926:AAHc3xILNUT4JqRiQJs0WF3gSH9j3QdUndU/getUpdates "HTTP/1.1 200 OK"
2025-05-20 14:37:17,643 - httpx - INFO - HTTP Request: POST https://api.telegram.org/bot7721450926:AAHc3xILNUT4JqRiQJs0WF3gSH9j3QdUndU/getUpdates "HTTP/1.1 200 OK"
2025-05-20 14:37:27,715 - httpx - INFO - HTTP Request: POST https://api.telegram.org/bot7721450926:AAHc3xILNUT4JqRiQJs0WF3gSH9j3QdUndU/getUpdates "HTTP/1.1 200 OK"
2025-05-20 14:37:37,809 - httpx - INFO - HTTP Request: POST https://api.telegram.org/bot7721450926:AAHc3xILNUT4JqRiQJs0WF3gSH9j3QdUndU/getUpdates "HTTP/1.1 200 OK"
2025-05-20 14:37:47,931 - httpx - INFO - HTTP Request: POST https://api.telegram.org/bot7721450926:AAHc3xILNUT4JqRiQJs0WF3gSH9j3QdUndU/getUpdates "HTTP/1.1 200 OK"
2025-05-20 14:37:58,008 - httpx - INFO - HTTP Request: POST https://api.telegram.org/bot7721450926:AAHc3xILNUT4JqRiQJs0WF3gSH9j3QdUndU/getUpdates "HTTP/1.1 200 OK"
2025-05-20 14:38:08,155 - httpx - INFO - HTTP Request: POST https://api.telegram.org/bot7721450926:AAHc3xILNUT4JqRiQJs0WF3gSH9j3QdUndU/getUpdates "HTTP/1.1 200 OK"
2025-05-20 14:38:18,251 - httpx - INFO - HTTP Request: POST https://api.telegram.org/bot7721450926:AAHc3xILNUT4JqRiQJs0WF3gSH9j3QdUndU/getUpdates "HTTP/1.1 200 OK"
2025-05-20 14:38:28,354 - httpx - INFO - HTTP Request: POST https://api.telegram.org/bot7721450926:AAHc3xILNUT4JqRiQJs0WF3gSH9j3QdUndU/getUpdates "HTTP/1.1 200 OK"
2025-05-20 14:38:38,437 - httpx - INFO - HTTP Request: POST https://api.telegram.org/bot7721450926:AAHc3xILNUT4JqRiQJs0WF3gSH9j3QdUndU/getUpdates "HTTP/1.1 200 OK"
2025-05-20 14:38:48,521 - httpx - INFO - HTTP Request: POST https://api.telegram.org/bot7721450926:AAHc3xILNUT4JqRiQJs0WF3gSH9j3QdUndU/getUpdates "HTTP/1.1 200 OK"
2025-05-20 14:38:58,602 - httpx - INFO - HTTP Request: POST https://api.telegram.org/bot7721450926:AAHc3xILNUT4JqRiQJs0WF3gSH9j3QdUndU/getUpdates "HTTP/1.1 200 OK"
2025-05-20 14:39:08,687 - httpx - INFO - HTTP Request: POST https://api.telegram.org/bot7721450926:AAHc3xILNUT4JqRiQJs0WF3gSH9j3QdUndU/getUpdates "HTTP/1.1 200 OK"
2025-05-20 14:39:18,795 - httpx - INFO - HTTP Request: POST https://api.telegram.org/bot7721450926:AAHc3xILNUT4JqRiQJs0WF3gSH9j3QdUndU/getUpdates "HTTP/1.1 200 OK"
2025-05-20 14:39:28,879 - httpx - INFO - HTTP Request: POST https://api.telegram.org/bot7721450926:AAHc3xILNUT4JqRiQJs0WF3gSH9j3QdUndU/getUpdates "HTTP/1.1 200 OK"
2025-05-20 14:39:38,961 - httpx - INFO - HTTP Request: POST https://api.telegram.org/bot7721450926:AAHc3xILNUT4JqRiQJs0WF3gSH9j3QdUndU/getUpdates "HTTP/1.1 200 OK"
2025-05-20 14:39:49,057 - httpx - INFO - HTTP Request: POST https://api.telegram.org/bot7721450926:AAHc3xILNUT4JqRiQJs0WF3gSH9j3QdUndU/getUpdates "HTTP/1.1 200 OK"
2025-05-20 14:39:52,952 - httpx - INFO - HTTP Request: POST https://api.telegram.org/bot7721450926:AAHc3xILNUT4JqRiQJs0WF3gSH9j3QdUndU/getUpdates "HTTP/1.1 200 OK"
2025-05-20 14:39:58,183 - httpx - INFO - HTTP Request: POST https://api.telegram.org/bot7721450926:AAHc3xILNUT4JqRiQJs0WF3gSH9j3QdUndU/getUpdates "HTTP/1.1 200 OK"
2025-05-20 14:39:58,184 - __main__ - INFO - Start command received from user 1052390992
2025-05-20 14:39:58,537 - httpx - INFO - HTTP Request: POST https://api.telegram.org/bot7721450926:AAHc3xILNUT4JqRiQJs0WF3gSH9j3QdUndU/sendMessage "HTTP/1.1 200 OK"
2025-05-20 14:39:58,540 - __main__ - INFO - Start message sent to user 1052390992
2025-05-20 14:40:00,272 - httpx - INFO - HTTP Request: POST https://api.telegram.org/bot7721450926:AAHc3xILNUT4JqRiQJs0WF3gSH9j3QdUndU/getUpdates "HTTP/1.1 200 OK"
2025-05-20 14:40:02,713 - httpx - INFO - HTTP Request: POST https://api.telegram.org/bot7721450926:AAHc3xILNUT4JqRiQJs0WF3gSH9j3QdUndU/getUpdates "HTTP/1.1 200 OK"
2025-05-20 14:40:06,760 - httpx - INFO - HTTP Request: POST https://api.telegram.org/bot7721450926:AAHc3xILNUT4JqRiQJs0WF3gSH9j3QdUndU/getUpdates "HTTP/1.1 200 OK"
2025-05-20 14:40:16,839 - httpx - INFO - HTTP Request: POST https://api.telegram.org/bot7721450926:AAHc3xILNUT4JqRiQJs0WF3gSH9j3QdUndU/getUpdates "HTTP/1.1 200 OK"
2025-05-20 14:40:26,915 - httpx - INFO - HTTP Request: POST https://api.telegram.org/bot7721450926:AAHc3xILNUT4JqRiQJs0WF3gSH9j3QdUndU/getUpdates "HTTP/1.1 200 OK"
2025-05-20 14:40:37,005 - httpx - INFO - HTTP Request: POST https://api.telegram.org/bot7721450926:AAHc3xILNUT4JqRiQJs0WF3gSH9j3QdUndU/getUpdates "HTTP/1.1 200 OK"
2025-05-20 14:40:47,235 - httpx - INFO - HTTP Request: POST https://api.telegram.org/bot7721450926:AAHc3xILNUT4JqRiQJs0WF3gSH9j3QdUndU/getUpdates "HTTP/1.1 200 OK"
2025-05-20 14:40:57,324 - httpx - INFO - HTTP Request: POST https://api.telegram.org/bot7721450926:AAHc3xILNUT4JqRiQJs0WF3gSH9j3QdUndU/getUpdates "HTTP/1.1 200 OK"
2025-05-20 14:41:07,414 - httpx - INFO - HTTP Request: POST https://api.telegram.org/bot7721450926:AAHc3xILNUT4JqRiQJs0WF3gSH9j3QdUndU/getUpdates "HTTP/1.1 200 OK"
2025-05-20 14:41:17,501 - httpx - INFO - HTTP Request: POST https://api.telegram.org/bot7721450926:AAHc3xILNUT4JqRiQJs0WF3gSH9j3QdUndU/getUpdates "HTTP/1.1 200 OK"
2025-05-20 14:41:27,583 - httpx - INFO - HTTP Request: POST https://api.telegram.org/bot7721450926:AAHc3xILNUT4JqRiQJs0WF3gSH9j3QdUndU/getUpdates "HTTP/1.1 200 OK"
2025-05-20 14:41:37,684 - httpx - INFO - HTTP Request: POST https://api.telegram.org/bot7721450926:AAHc3xILNUT4JqRiQJs0WF3gSH9j3QdUndU/getUpdates "HTTP/1.1 200 OK"
2025-05-20 14:41:47,773 - httpx - INFO - HTTP Request: POST https://api.telegram.org/bot7721450926:AAHc3xILNUT4JqRiQJs0WF3gSH9j3QdUndU/getUpdates "HTTP/1.1 200 OK"
2025-05-20 14:41:53,252 - httpx - INFO - HTTP Request: POST https://api.telegram.org/bot7721450926:AAHc3xILNUT4JqRiQJs0WF3gSH9j3QdUndU/getUpdates "HTTP/1.1 200 OK"
2025-05-20 14:41:53,253 - telegram.ext.Application - INFO - Application is stopping. This might take a moment.
2025-05-20 14:41:53,253 - telegram.ext.Application - INFO - Application.stop() complete
2025-05-20 14:41:56,694 - __main__ - INFO - Starting bot...
2025-05-20 14:41:58,444 - httpx - INFO - HTTP Request: POST https://api.telegram.org/bot7721450926:AAHc3xILNUT4JqRiQJs0WF3gSH9j3QdUndU/getMe "HTTP/1.1 200 OK"
2025-05-20 14:41:58,527 - httpx - INFO - HTTP Request: POST https://api.telegram.org/bot7721450926:AAHc3xILNUT4JqRiQJs0WF3gSH9j3QdUndU/deleteWebhook "HTTP/1.1 200 OK"
2025-05-20 14:41:58,527 - telegram.ext.Application - INFO - Application started
2025-05-20 14:41:59,934 - httpx - INFO - HTTP Request: POST https://api.telegram.org/bot7721450926:AAHc3xILNUT4JqRiQJs0WF3gSH9j3QdUndU/getUpdates "HTTP/1.1 200 OK"
2025-05-20 14:42:04,127 - httpx - INFO - HTTP Request: POST https://api.telegram.org/bot7721450926:AAHc3xILNUT4JqRiQJs0WF3gSH9j3QdUndU/getUpdates "HTTP/1.1 200 OK"
2025-05-20 14:42:06,403 - httpx - INFO - HTTP Request: POST https://api.telegram.org/bot7721450926:AAHc3xILNUT4JqRiQJs0WF3gSH9j3QdUndU/getUpdates "HTTP/1.1 200 OK"
2025-05-20 14:42:06,404 - __main__ - INFO - Help command received from user 1052390992
2025-05-20 14:42:06,739 - httpx - INFO - HTTP Request: POST https://api.telegram.org/bot7721450926:AAHc3xILNUT4JqRiQJs0WF3gSH9j3QdUndU/sendMessage "HTTP/1.1 200 OK"
2025-05-20 14:42:09,837 - httpx - INFO - HTTP Request: POST https://api.telegram.org/bot7721450926:AAHc3xILNUT4JqRiQJs0WF3gSH9j3QdUndU/getUpdates "HTTP/1.1 200 OK"
2025-05-20 14:42:09,838 - __main__ - INFO - Help command received from user 1052390992
2025-05-20 14:42:09,974 - httpx - INFO - HTTP Request: POST https://api.telegram.org/bot7721450926:AAHc3xILNUT4JqRiQJs0WF3gSH9j3QdUndU/sendMessage "HTTP/1.1 200 OK"
2025-05-20 14:42:11,137 - httpx - INFO - HTTP Request: POST https://api.telegram.org/bot7721450926:AAHc3xILNUT4JqRiQJs0WF3gSH9j3QdUndU/getUpdates "HTTP/1.1 200 OK"
2025-05-20 14:42:11,142 - __main__ - INFO - Restart command received from user 1052390992
2025-05-20 14:42:11,259 - httpx - INFO - HTTP Request: POST https://api.telegram.org/bot7721450926:AAHc3xILNUT4JqRiQJs0WF3gSH9j3QdUndU/sendMessage "HTTP/1.1 200 OK"
2025-05-20 14:42:11,263 - __main__ - INFO - Start command received from user 1052390992
2025-05-20 14:42:11,407 - httpx - INFO - HTTP Request: POST https://api.telegram.org/bot7721450926:AAHc3xILNUT4JqRiQJs0WF3gSH9j3QdUndU/sendMessage "HTTP/1.1 200 OK"
2025-05-20 14:42:11,409 - __main__ - INFO - Start message sent to user 1052390992
2025-05-20 14:42:15,975 - httpx - INFO - HTTP Request: POST https://api.telegram.org/bot7721450926:AAHc3xILNUT4JqRiQJs0WF3gSH9j3QdUndU/getUpdates "HTTP/1.1 200 OK"
2025-05-20 14:42:17,020 - httpx - INFO - HTTP Request: POST https://api.telegram.org/bot7721450926:AAHc3xILNUT4JqRiQJs0WF3gSH9j3QdUndU/getUpdates "HTTP/1.1 200 OK"
2025-05-20 14:42:27,102 - httpx - INFO - HTTP Request: POST https://api.telegram.org/bot7721450926:AAHc3xILNUT4JqRiQJs0WF3gSH9j3QdUndU/getUpdates "HTTP/1.1 200 OK"
2025-05-20 14:42:37,182 - httpx - INFO - HTTP Request: POST https://api.telegram.org/bot7721450926:AAHc3xILNUT4JqRiQJs0WF3gSH9j3QdUndU/getUpdates "HTTP/1.1 200 OK"
2025-05-20 14:42:47,262 - httpx - INFO - HTTP Request: POST https://api.telegram.org/bot7721450926:AAHc3xILNUT4JqRiQJs0WF3gSH9j3QdUndU/getUpdates "HTTP/1.1 200 OK"
2025-05-20 14:42:57,340 - httpx - INFO - HTTP Request: POST https://api.telegram.org/bot7721450926:AAHc3xILNUT4JqRiQJs0WF3gSH9j3QdUndU/getUpdates "HTTP/1.1 200 OK"
2025-05-20 14:43:07,438 - httpx - INFO - HTTP Request: POST https://api.telegram.org/bot7721450926:AAHc3xILNUT4JqRiQJs0WF3gSH9j3QdUndU/getUpdates "HTTP/1.1 200 OK"
2025-05-20 14:43:17,516 - httpx - INFO - HTTP Request: POST https://api.telegram.org/bot7721450926:AAHc3xILNUT4JqRiQJs0WF3gSH9j3QdUndU/getUpdates "HTTP/1.1 200 OK"
2025-05-20 14:43:27,593 - httpx - INFO - HTTP Request: POST https://api.telegram.org/bot7721450926:AAHc3xILNUT4JqRiQJs0WF3gSH9j3QdUndU/getUpdates "HTTP/1.1 200 OK"
2025-05-20 14:43:37,673 - httpx - INFO - HTTP Request: POST https://api.telegram.org/bot7721450926:AAHc3xILNUT4JqRiQJs0WF3gSH9j3QdUndU/getUpdates "HTTP/1.1 200 OK"
2025-05-20 14:43:47,764 - httpx - INFO - HTTP Request: POST https://api.telegram.org/bot7721450926:AAHc3xILNUT4JqRiQJs0WF3gSH9j3QdUndU/getUpdates "HTTP/1.1 200 OK"
2025-05-20 14:43:57,844 - httpx - INFO - HTTP Request: POST https://api.telegram.org/bot7721450926:AAHc3xILNUT4JqRiQJs0WF3gSH9j3QdUndU/getUpdates "HTTP/1.1 200 OK"
2025-05-20 14:44:07,920 - httpx - INFO - HTTP Request: POST https://api.telegram.org/bot7721450926:AAHc3xILNUT4JqRiQJs0WF3gSH9j3QdUndU/getUpdates "HTTP/1.1 200 OK"
2025-05-20 14:44:17,663 - httpx - INFO - HTTP Request: POST https://api.telegram.org/bot7721450926:AAHc3xILNUT4JqRiQJs0WF3gSH9j3QdUndU/getUpdates "HTTP/1.1 200 OK"
2025-05-20 14:44:21,813 - httpx - INFO - HTTP Request: POST https://api.telegram.org/bot7721450926:AAHc3xILNUT4JqRiQJs0WF3gSH9j3QdUndU/getUpdates "HTTP/1.1 200 OK"
2025-05-20 14:44:21,815 - __main__ - INFO - Settings command received from user 1052390992
2025-05-20 14:44:22,150 - httpx - INFO - HTTP Request: POST https://api.telegram.org/bot7721450926:AAHc3xILNUT4JqRiQJs0WF3gSH9j3QdUndU/sendMessage "HTTP/1.1 200 OK"
2025-05-20 14:44:25,766 - httpx - INFO - HTTP Request: POST https://api.telegram.org/bot7721450926:AAHc3xILNUT4JqRiQJs0WF3gSH9j3QdUndU/getUpdates "HTTP/1.1 200 OK"
2025-05-20 14:44:35,844 - httpx - INFO - HTTP Request: POST https://api.telegram.org/bot7721450926:AAHc3xILNUT4JqRiQJs0WF3gSH9j3QdUndU/getUpdates "HTTP/1.1 200 OK"
2025-05-20 14:44:45,926 - httpx - INFO - HTTP Request: POST https://api.telegram.org/bot7721450926:AAHc3xILNUT4JqRiQJs0WF3gSH9j3QdUndU/getUpdates "HTTP/1.1 200 OK"
2025-05-20 14:44:56,078 - httpx - INFO - HTTP Request: POST https://api.telegram.org/bot7721450926:AAHc3xILNUT4JqRiQJs0WF3gSH9j3QdUndU/getUpdates "HTTP/1.1 200 OK"
2025-05-20 14:45:04,948 - httpx - INFO - HTTP Request: POST https://api.telegram.org/bot7721450926:AAHc3xILNUT4JqRiQJs0WF3gSH9j3QdUndU/getUpdates "HTTP/1.1 200 OK"
2025-05-20 14:45:15,029 - httpx - INFO - HTTP Request: POST https://api.telegram.org/bot7721450926:AAHc3xILNUT4JqRiQJs0WF3gSH9j3QdUndU/getUpdates "HTTP/1.1 200 OK"
2025-05-20 14:45:25,104 - httpx - INFO - HTTP Request: POST https://api.telegram.org/bot7721450926:AAHc3xILNUT4JqRiQJs0WF3gSH9j3QdUndU/getUpdates "HTTP/1.1 200 OK"
2025-05-20 14:45:35,212 - httpx - INFO - HTTP Request: POST https://api.telegram.org/bot7721450926:AAHc3xILNUT4JqRiQJs0WF3gSH9j3QdUndU/getUpdates "HTTP/1.1 200 OK"
2025-05-20 14:45:38,772 - httpx - INFO - HTTP Request: POST https://api.telegram.org/bot7721450926:AAHc3xILNUT4JqRiQJs0WF3gSH9j3QdUndU/getUpdates "HTTP/1.1 200 OK"
2025-05-20 14:45:38,775 - __main__ - INFO - Feedback command received from user 1052390992
2025-05-20 14:45:39,422 - httpx - INFO - HTTP Request: POST https://api.telegram.org/bot7721450926:AAHc3xILNUT4JqRiQJs0WF3gSH9j3QdUndU/sendMessage "HTTP/1.1 200 OK"
2025-05-20 14:45:44,553 - httpx - INFO - HTTP Request: POST https://api.telegram.org/bot7721450926:AAHc3xILNUT4JqRiQJs0WF3gSH9j3QdUndU/getUpdates "HTTP/1.1 200 OK"
2025-05-20 14:45:44,936 - httpx - INFO - HTTP Request: POST https://api.telegram.org/bot7721450926:AAHc3xILNUT4JqRiQJs0WF3gSH9j3QdUndU/sendMessage "HTTP/1.1 200 OK"
2025-05-20 14:45:49,542 - httpx - INFO - HTTP Request: POST https://api.telegram.org/bot7721450926:AAHc3xILNUT4JqRiQJs0WF3gSH9j3QdUndU/getUpdates "HTTP/1.1 200 OK"
2025-05-20 14:45:59,799 - httpx - INFO - HTTP Request: POST https://api.telegram.org/bot7721450926:AAHc3xILNUT4JqRiQJs0WF3gSH9j3QdUndU/getUpdates "HTTP/1.1 200 OK"
2025-05-20 14:46:09,976 - httpx - INFO - HTTP Request: POST https://api.telegram.org/bot7721450926:AAHc3xILNUT4JqRiQJs0WF3gSH9j3QdUndU/getUpdates "HTTP/1.1 200 OK"
2025-05-20 14:46:20,062 - httpx - INFO - HTTP Request: POST https://api.telegram.org/bot7721450926:AAHc3xILNUT4JqRiQJs0WF3gSH9j3QdUndU/getUpdates "HTTP/1.1 200 OK"
2025-05-20 14:46:30,143 - httpx - INFO - HTTP Request: POST https://api.telegram.org/bot7721450926:AAHc3xILNUT4JqRiQJs0WF3gSH9j3QdUndU/getUpdates "HTTP/1.1 200 OK"
2025-05-20 14:46:40,220 - httpx - INFO - HTTP Request: POST https://api.telegram.org/bot7721450926:AAHc3xILNUT4JqRiQJs0WF3gSH9j3QdUndU/getUpdates "HTTP/1.1 200 OK"
2025-05-20 14:46:50,306 - httpx - INFO - HTTP Request: POST https://api.telegram.org/bot7721450926:AAHc3xILNUT4JqRiQJs0WF3gSH9j3QdUndU/getUpdates "HTTP/1.1 200 OK"
2025-05-20 14:47:00,430 - httpx - INFO - HTTP Request: POST https://api.telegram.org/bot7721450926:AAHc3xILNUT4JqRiQJs0WF3gSH9j3QdUndU/getUpdates "HTTP/1.1 200 OK"
2025-05-20 14:47:10,507 - httpx - INFO - HTTP Request: POST https://api.telegram.org/bot7721450926:AAHc3xILNUT4JqRiQJs0WF3gSH9j3QdUndU/getUpdates "HTTP/1.1 200 OK"
2025-05-20 14:47:20,591 - httpx - INFO - HTTP Request: POST https://api.telegram.org/bot7721450926:AAHc3xILNUT4JqRiQJs0WF3gSH9j3QdUndU/getUpdates "HTTP/1.1 200 OK"
2025-05-20 14:47:30,691 - httpx - INFO - HTTP Request: POST https://api.telegram.org/bot7721450926:AAHc3xILNUT4JqRiQJs0WF3gSH9j3QdUndU/getUpdates "HTTP/1.1 200 OK"
2025-05-20 14:47:38,213 - httpx - INFO - HTTP Request: POST https://api.telegram.org/bot7721450926:AAHc3xILNUT4JqRiQJs0WF3gSH9j3QdUndU/getUpdates "HTTP/1.1 200 OK"
2025-05-20 14:47:43,148 - httpx - INFO - HTTP Request: POST https://api.telegram.org/bot7721450926:AAHc3xILNUT4JqRiQJs0WF3gSH9j3QdUndU/getUpdates "HTTP/1.1 200 OK"
2025-05-20 14:47:43,150 - __main__ - INFO - Restart command received from user 1052390992
2025-05-20 14:47:43,423 - httpx - INFO - HTTP Request: POST https://api.telegram.org/bot7721450926:AAHc3xILNUT4JqRiQJs0WF3gSH9j3QdUndU/sendMessage "HTTP/1.1 200 OK"
2025-05-20 14:47:43,423 - __main__ - INFO - Start command received from user 1052390992
2025-05-20 14:47:43,547 - httpx - INFO - HTTP Request: POST https://api.telegram.org/bot7721450926:AAHc3xILNUT4JqRiQJs0WF3gSH9j3QdUndU/sendMessage "HTTP/1.1 200 OK"
2025-05-20 14:47:43,550 - __main__ - INFO - Start message sent to user 1052390992
2025-05-20 14:47:49,877 - httpx - INFO - HTTP Request: POST https://api.telegram.org/bot7721450926:AAHc3xILNUT4JqRiQJs0WF3gSH9j3QdUndU/getUpdates "HTTP/1.1 200 OK"
2025-05-20 14:47:59,978 - httpx - INFO - HTTP Request: POST https://api.telegram.org/bot7721450926:AAHc3xILNUT4JqRiQJs0WF3gSH9j3QdUndU/getUpdates "HTTP/1.1 200 OK"
2025-05-20 14:48:10,063 - httpx - INFO - HTTP Request: POST https://api.telegram.org/bot7721450926:AAHc3xILNUT4JqRiQJs0WF3gSH9j3QdUndU/getUpdates "HTTP/1.1 200 OK"
2025-05-20 14:48:12,173 - httpx - INFO - HTTP Request: POST https://api.telegram.org/bot7721450926:AAHc3xILNUT4JqRiQJs0WF3gSH9j3QdUndU/getUpdates "HTTP/1.1 200 OK"
2025-05-20 14:48:22,253 - httpx - INFO - HTTP Request: POST https://api.telegram.org/bot7721450926:AAHc3xILNUT4JqRiQJs0WF3gSH9j3QdUndU/getUpdates "HTTP/1.1 200 OK"
2025-05-20 14:48:32,334 - httpx - INFO - HTTP Request: POST https://api.telegram.org/bot7721450926:AAHc3xILNUT4JqRiQJs0WF3gSH9j3QdUndU/getUpdates "HTTP/1.1 200 OK"
2025-05-20 14:48:42,416 - httpx - INFO - HTTP Request: POST https://api.telegram.org/bot7721450926:AAHc3xILNUT4JqRiQJs0WF3gSH9j3QdUndU/getUpdates "HTTP/1.1 200 OK"
2025-05-20 14:48:52,495 - httpx - INFO - HTTP Request: POST https://api.telegram.org/bot7721450926:AAHc3xILNUT4JqRiQJs0WF3gSH9j3QdUndU/getUpdates "HTTP/1.1 200 OK"
2025-05-20 14:49:02,573 - httpx - INFO - HTTP Request: POST https://api.telegram.org/bot7721450926:AAHc3xILNUT4JqRiQJs0WF3gSH9j3QdUndU/getUpdates "HTTP/1.1 200 OK"
2025-05-20 14:49:12,695 - httpx - INFO - HTTP Request: POST https://api.telegram.org/bot7721450926:AAHc3xILNUT4JqRiQJs0WF3gSH9j3QdUndU/getUpdates "HTTP/1.1 200 OK"
2025-05-20 14:49:22,803 - httpx - INFO - HTTP Request: POST https://api.telegram.org/bot7721450926:AAHc3xILNUT4JqRiQJs0WF3gSH9j3QdUndU/getUpdates "HTTP/1.1 200 OK"
2025-05-20 14:49:32,882 - httpx - INFO - HTTP Request: POST https://api.telegram.org/bot7721450926:AAHc3xILNUT4JqRiQJs0WF3gSH9j3QdUndU/getUpdates "HTTP/1.1 200 OK"
2025-05-20 14:49:42,964 - httpx - INFO - HTTP Request: POST https://api.telegram.org/bot7721450926:AAHc3xILNUT4JqRiQJs0WF3gSH9j3QdUndU/getUpdates "HTTP/1.1 200 OK"
2025-05-20 14:49:53,048 - httpx - INFO - HTTP Request: POST https://api.telegram.org/bot7721450926:AAHc3xILNUT4JqRiQJs0WF3gSH9j3QdUndU/getUpdates "HTTP/1.1 200 OK"
2025-05-20 14:50:03,156 - httpx - INFO - HTTP Request: POST https://api.telegram.org/bot7721450926:AAHc3xILNUT4JqRiQJs0WF3gSH9j3QdUndU/getUpdates "HTTP/1.1 200 OK"
2025-05-20 14:50:13,235 - httpx - INFO - HTTP Request: POST https://api.telegram.org/bot7721450926:AAHc3xILNUT4JqRiQJs0WF3gSH9j3QdUndU/getUpdates "HTTP/1.1 200 OK"
2025-05-20 14:50:23,317 - httpx - INFO - HTTP Request: POST https://api.telegram.org/bot7721450926:AAHc3xILNUT4JqRiQJs0WF3gSH9j3QdUndU/getUpdates "HTTP/1.1 200 OK"
2025-05-20 14:50:33,397 - httpx - INFO - HTTP Request: POST https://api.telegram.org/bot7721450926:AAHc3xILNUT4JqRiQJs0WF3gSH9j3QdUndU/getUpdates "HTTP/1.1 200 OK"
2025-05-20 14:50:43,486 - httpx - INFO - HTTP Request: POST https://api.telegram.org/bot7721450926:AAHc3xILNUT4JqRiQJs0WF3gSH9j3QdUndU/getUpdates "HTTP/1.1 200 OK"
2025-05-20 14:50:53,562 - httpx - INFO - HTTP Request: POST https://api.telegram.org/bot7721450926:AAHc3xILNUT4JqRiQJs0WF3gSH9j3QdUndU/getUpdates "HTTP/1.1 200 OK"
2025-05-20 14:51:03,644 - httpx - INFO - HTTP Request: POST https://api.telegram.org/bot7721450926:AAHc3xILNUT4JqRiQJs0WF3gSH9j3QdUndU/getUpdates "HTTP/1.1 200 OK"
2025-05-20 14:51:13,726 - httpx - INFO - HTTP Request: POST https://api.telegram.org/bot7721450926:AAHc3xILNUT4JqRiQJs0WF3gSH9j3QdUndU/getUpdates "HTTP/1.1 200 OK"
2025-05-20 14:51:23,813 - httpx - INFO - HTTP Request: POST https://api.telegram.org/bot7721450926:AAHc3xILNUT4JqRiQJs0WF3gSH9j3QdUndU/getUpdates "HTTP/1.1 200 OK"
2025-05-20 14:51:33,891 - httpx - INFO - HTTP Request: POST https://api.telegram.org/bot7721450926:AAHc3xILNUT4JqRiQJs0WF3gSH9j3QdUndU/getUpdates "HTTP/1.1 200 OK"
2025-05-20 14:51:44,013 - httpx - INFO - HTTP Request: POST https://api.telegram.org/bot7721450926:AAHc3xILNUT4JqRiQJs0WF3gSH9j3QdUndU/getUpdates "HTTP/1.1 200 OK"
2025-05-20 14:51:54,093 - httpx - INFO - HTTP Request: POST https://api.telegram.org/bot7721450926:AAHc3xILNUT4JqRiQJs0WF3gSH9j3QdUndU/getUpdates "HTTP/1.1 200 OK"
2025-05-20 14:52:04,185 - httpx - INFO - HTTP Request: POST https://api.telegram.org/bot7721450926:AAHc3xILNUT4JqRiQJs0WF3gSH9j3QdUndU/getUpdates "HTTP/1.1 200 OK"
2025-05-20 14:52:14,271 - httpx - INFO - HTTP Request: POST https://api.telegram.org/bot7721450926:AAHc3xILNUT4JqRiQJs0WF3gSH9j3QdUndU/getUpdates "HTTP/1.1 200 OK"
2025-05-20 14:52:24,348 - httpx - INFO - HTTP Request: POST https://api.telegram.org/bot7721450926:AAHc3xILNUT4JqRiQJs0WF3gSH9j3QdUndU/getUpdates "HTTP/1.1 200 OK"
2025-05-20 14:52:34,433 - httpx - INFO - HTTP Request: POST https://api.telegram.org/bot7721450926:AAHc3xILNUT4JqRiQJs0WF3gSH9j3QdUndU/getUpdates "HTTP/1.1 200 OK"
2025-05-20 14:52:44,516 - httpx - INFO - HTTP Request: POST https://api.telegram.org/bot7721450926:AAHc3xILNUT4JqRiQJs0WF3gSH9j3QdUndU/getUpdates "HTTP/1.1 200 OK"
2025-05-20 14:52:54,605 - httpx - INFO - HTTP Request: POST https://api.telegram.org/bot7721450926:AAHc3xILNUT4JqRiQJs0WF3gSH9j3QdUndU/getUpdates "HTTP/1.1 200 OK"
2025-05-20 14:53:04,711 - httpx - INFO - HTTP Request: POST https://api.telegram.org/bot7721450926:AAHc3xILNUT4JqRiQJs0WF3gSH9j3QdUndU/getUpdates "HTTP/1.1 200 OK"
2025-05-20 14:53:14,815 - httpx - INFO - HTTP Request: POST https://api.telegram.org/bot7721450926:AAHc3xILNUT4JqRiQJs0WF3gSH9j3QdUndU/getUpdates "HTTP/1.1 200 OK"
2025-05-20 14:53:24,922 - httpx - INFO - HTTP Request: POST https://api.telegram.org/bot7721450926:AAHc3xILNUT4JqRiQJs0WF3gSH9j3QdUndU/getUpdates "HTTP/1.1 200 OK"
2025-05-20 14:53:35,013 - httpx - INFO - HTTP Request: POST https://api.telegram.org/bot7721450926:AAHc3xILNUT4JqRiQJs0WF3gSH9j3QdUndU/getUpdates "HTTP/1.1 200 OK"
2025-05-20 14:53:45,096 - httpx - INFO - HTTP Request: POST https://api.telegram.org/bot7721450926:AAHc3xILNUT4JqRiQJs0WF3gSH9j3QdUndU/getUpdates "HTTP/1.1 200 OK"
2025-05-20 14:53:55,178 - httpx - INFO - HTTP Request: POST https://api.telegram.org/bot7721450926:AAHc3xILNUT4JqRiQJs0WF3gSH9j3QdUndU/getUpdates "HTTP/1.1 200 OK"
2025-05-20 14:54:05,258 - httpx - INFO - HTTP Request: POST https://api.telegram.org/bot7721450926:AAHc3xILNUT4JqRiQJs0WF3gSH9j3QdUndU/getUpdates "HTTP/1.1 200 OK"
2025-05-20 14:54:15,340 - httpx - INFO - HTTP Request: POST https://api.telegram.org/bot7721450926:AAHc3xILNUT4JqRiQJs0WF3gSH9j3QdUndU/getUpdates "HTTP/1.1 200 OK"
2025-05-20 14:54:25,423 - httpx - INFO - HTTP Request: POST https://api.telegram.org/bot7721450926:AAHc3xILNUT4JqRiQJs0WF3gSH9j3QdUndU/getUpdates "HTTP/1.1 200 OK"
2025-05-20 14:54:35,528 - httpx - INFO - HTTP Request: POST https://api.telegram.org/bot7721450926:AAHc3xILNUT4JqRiQJs0WF3gSH9j3QdUndU/getUpdates "HTTP/1.1 200 OK"
2025-05-20 14:54:45,622 - httpx - INFO - HTTP Request: POST https://api.telegram.org/bot7721450926:AAHc3xILNUT4JqRiQJs0WF3gSH9j3QdUndU/getUpdates "HTTP/1.1 200 OK"
2025-05-20 14:54:55,700 - httpx - INFO - HTTP Request: POST https://api.telegram.org/bot7721450926:AAHc3xILNUT4JqRiQJs0WF3gSH9j3QdUndU/getUpdates "HTTP/1.1 200 OK"
2025-05-20 14:55:05,772 - httpx - INFO - HTTP Request: POST https://api.telegram.org/bot7721450926:AAHc3xILNUT4JqRiQJs0WF3gSH9j3QdUndU/getUpdates "HTTP/1.1 200 OK"
2025-05-20 14:55:15,852 - httpx - INFO - HTTP Request: POST https://api.telegram.org/bot7721450926:AAHc3xILNUT4JqRiQJs0WF3gSH9j3QdUndU/getUpdates "HTTP/1.1 200 OK"
2025-05-20 14:55:25,944 - httpx - INFO - HTTP Request: POST https://api.telegram.org/bot7721450926:AAHc3xILNUT4JqRiQJs0WF3gSH9j3QdUndU/getUpdates "HTTP/1.1 200 OK"
2025-05-20 14:55:36,024 - httpx - INFO - HTTP Request: POST https://api.telegram.org/bot7721450926:AAHc3xILNUT4JqRiQJs0WF3gSH9j3QdUndU/getUpdates "HTTP/1.1 200 OK"
2025-05-20 14:55:46,099 - httpx - INFO - HTTP Request: POST https://api.telegram.org/bot7721450926:AAHc3xILNUT4JqRiQJs0WF3gSH9j3QdUndU/getUpdates "HTTP/1.1 200 OK"
2025-05-20 14:55:56,176 - httpx - INFO - HTTP Request: POST https://api.telegram.org/bot7721450926:AAHc3xILNUT4JqRiQJs0WF3gSH9j3QdUndU/getUpdates "HTTP/1.1 200 OK"
2025-05-20 14:56:06,257 - httpx - INFO - HTTP Request: POST https://api.telegram.org/bot7721450926:AAHc3xILNUT4JqRiQJs0WF3gSH9j3QdUndU/getUpdates "HTTP/1.1 200 OK"
2025-05-20 14:56:16,354 - httpx - INFO - HTTP Request: POST https://api.telegram.org/bot7721450926:AAHc3xILNUT4JqRiQJs0WF3gSH9j3QdUndU/getUpdates "HTTP/1.1 200 OK"
2025-05-20 14:56:26,432 - httpx - INFO - HTTP Request: POST https://api.telegram.org/bot7721450926:AAHc3xILNUT4JqRiQJs0WF3gSH9j3QdUndU/getUpdates "HTTP/1.1 200 OK"
2025-05-20 14:56:36,512 - httpx - INFO - HTTP Request: POST https://api.telegram.org/bot7721450926:AAHc3xILNUT4JqRiQJs0WF3gSH9j3QdUndU/getUpdates "HTTP/1.1 200 OK"
2025-05-20 14:56:46,597 - httpx - INFO - HTTP Request: POST https://api.telegram.org/bot7721450926:AAHc3xILNUT4JqRiQJs0WF3gSH9j3QdUndU/getUpdates "HTTP/1.1 200 OK"
2025-05-20 14:56:56,682 - httpx - INFO - HTTP Request: POST https://api.telegram.org/bot7721450926:AAHc3xILNUT4JqRiQJs0WF3gSH9j3QdUndU/getUpdates "HTTP/1.1 200 OK"
2025-05-20 14:57:06,762 - httpx - INFO - HTTP Request: POST https://api.telegram.org/bot7721450926:AAHc3xILNUT4JqRiQJs0WF3gSH9j3QdUndU/getUpdates "HTTP/1.1 200 OK"
2025-05-20 14:57:17,072 - httpx - INFO - HTTP Request: POST https://api.telegram.org/bot7721450926:AAHc3xILNUT4JqRiQJs0WF3gSH9j3QdUndU/getUpdates "HTTP/1.1 200 OK"
2025-05-20 14:57:27,152 - httpx - INFO - HTTP Request: POST https://api.telegram.org/bot7721450926:AAHc3xILNUT4JqRiQJs0WF3gSH9j3QdUndU/getUpdates "HTTP/1.1 200 OK"
2025-05-20 14:57:37,227 - httpx - INFO - HTTP Request: POST https://api.telegram.org/bot7721450926:AAHc3xILNUT4JqRiQJs0WF3gSH9j3QdUndU/getUpdates "HTTP/1.1 200 OK"
2025-05-20 14:57:47,302 - httpx - INFO - HTTP Request: POST https://api.telegram.org/bot7721450926:AAHc3xILNUT4JqRiQJs0WF3gSH9j3QdUndU/getUpdates "HTTP/1.1 200 OK"
2025-05-20 14:57:55,460 - httpx - INFO - HTTP Request: POST https://api.telegram.org/bot7721450926:AAHc3xILNUT4JqRiQJs0WF3gSH9j3QdUndU/getUpdates "HTTP/1.1 200 OK"
2025-05-20 14:57:55,462 - __main__ - INFO - Settings command received from user 1052390992
2025-05-20 14:57:55,764 - httpx - INFO - HTTP Request: POST https://api.telegram.org/bot7721450926:AAHc3xILNUT4JqRiQJs0WF3gSH9j3QdUndU/sendMessage "HTTP/1.1 200 OK"
2025-05-20 14:57:58,924 - httpx - INFO - HTTP Request: POST https://api.telegram.org/bot7721450926:AAHc3xILNUT4JqRiQJs0WF3gSH9j3QdUndU/getUpdates "HTTP/1.1 200 OK"
2025-05-20 14:58:09,000 - httpx - INFO - HTTP Request: POST https://api.telegram.org/bot7721450926:AAHc3xILNUT4JqRiQJs0WF3gSH9j3QdUndU/getUpdates "HTTP/1.1 200 OK"
2025-05-20 14:58:11,407 - httpx - INFO - HTTP Request: POST https://api.telegram.org/bot7721450926:AAHc3xILNUT4JqRiQJs0WF3gSH9j3QdUndU/getUpdates "HTTP/1.1 200 OK"
2025-05-20 14:58:11,409 - __main__ - INFO - Help command received from user 1052390992
2025-05-20 14:58:11,694 - httpx - INFO - HTTP Request: POST https://api.telegram.org/bot7721450926:AAHc3xILNUT4JqRiQJs0WF3gSH9j3QdUndU/sendMessage "HTTP/1.1 200 OK"
2025-05-20 14:58:21,487 - httpx - INFO - HTTP Request: POST https://api.telegram.org/bot7721450926:AAHc3xILNUT4JqRiQJs0WF3gSH9j3QdUndU/getUpdates "HTTP/1.1 200 OK"
2025-05-20 14:58:23,474 - httpx - INFO - HTTP Request: POST https://api.telegram.org/bot7721450926:AAHc3xILNUT4JqRiQJs0WF3gSH9j3QdUndU/getUpdates "HTTP/1.1 200 OK"
2025-05-20 14:58:33,554 - httpx - INFO - HTTP Request: POST https://api.telegram.org/bot7721450926:AAHc3xILNUT4JqRiQJs0WF3gSH9j3QdUndU/getUpdates "HTTP/1.1 200 OK"
2025-05-20 14:58:43,632 - httpx - INFO - HTTP Request: POST https://api.telegram.org/bot7721450926:AAHc3xILNUT4JqRiQJs0WF3gSH9j3QdUndU/getUpdates "HTTP/1.1 200 OK"
2025-05-20 14:58:53,713 - httpx - INFO - HTTP Request: POST https://api.telegram.org/bot7721450926:AAHc3xILNUT4JqRiQJs0WF3gSH9j3QdUndU/getUpdates "HTTP/1.1 200 OK"
2025-05-20 14:59:03,791 - httpx - INFO - HTTP Request: POST https://api.telegram.org/bot7721450926:AAHc3xILNUT4JqRiQJs0WF3gSH9j3QdUndU/getUpdates "HTTP/1.1 200 OK"
2025-05-20 14:59:13,890 - httpx - INFO - HTTP Request: POST https://api.telegram.org/bot7721450926:AAHc3xILNUT4JqRiQJs0WF3gSH9j3QdUndU/getUpdates "HTTP/1.1 200 OK"
2025-05-20 14:59:24,079 - httpx - INFO - HTTP Request: POST https://api.telegram.org/bot7721450926:AAHc3xILNUT4JqRiQJs0WF3gSH9j3QdUndU/getUpdates "HTTP/1.1 200 OK"
2025-05-20 14:59:33,169 - __main__ - INFO - Starting bot...
2025-05-20 14:59:35,111 - httpx - INFO - HTTP Request: POST https://api.telegram.org/bot7721450926:AAHc3xILNUT4JqRiQJs0WF3gSH9j3QdUndU/getMe "HTTP/1.1 200 OK"
2025-05-20 14:59:35,273 - httpx - INFO - HTTP Request: POST https://api.telegram.org/bot7721450926:AAHc3xILNUT4JqRiQJs0WF3gSH9j3QdUndU/deleteWebhook "HTTP/1.1 200 OK"
2025-05-20 14:59:35,273 - telegram.ext.Application - INFO - Application started
2025-05-20 14:59:46,532 - httpx - INFO - HTTP Request: POST https://api.telegram.org/bot7721450926:AAHc3xILNUT4JqRiQJs0WF3gSH9j3QdUndU/getUpdates "HTTP/1.1 200 OK"
2025-05-20 14:59:56,682 - httpx - INFO - HTTP Request: POST https://api.telegram.org/bot7721450926:AAHc3xILNUT4JqRiQJs0WF3gSH9j3QdUndU/getUpdates "HTTP/1.1 200 OK"
2025-05-20 15:00:06,761 - httpx - INFO - HTTP Request: POST https://api.telegram.org/bot7721450926:AAHc3xILNUT4JqRiQJs0WF3gSH9j3QdUndU/getUpdates "HTTP/1.1 200 OK"
2025-05-20 15:00:16,842 - httpx - INFO - HTTP Request: POST https://api.telegram.org/bot7721450926:AAHc3xILNUT4JqRiQJs0WF3gSH9j3QdUndU/getUpdates "HTTP/1.1 200 OK"
2025-05-20 15:00:26,921 - httpx - INFO - HTTP Request: POST https://api.telegram.org/bot7721450926:AAHc3xILNUT4JqRiQJs0WF3gSH9j3QdUndU/getUpdates "HTTP/1.1 200 OK"
2025-05-20 15:00:37,017 - httpx - INFO - HTTP Request: POST https://api.telegram.org/bot7721450926:AAHc3xILNUT4JqRiQJs0WF3gSH9j3QdUndU/getUpdates "HTTP/1.1 200 OK"
2025-05-20 15:00:47,098 - httpx - INFO - HTTP Request: POST https://api.telegram.org/bot7721450926:AAHc3xILNUT4JqRiQJs0WF3gSH9j3QdUndU/getUpdates "HTTP/1.1 200 OK"
2025-05-20 15:00:57,181 - httpx - INFO - HTTP Request: POST https://api.telegram.org/bot7721450926:AAHc3xILNUT4JqRiQJs0WF3gSH9j3QdUndU/getUpdates "HTTP/1.1 200 OK"
2025-05-20 15:01:07,261 - httpx - INFO - HTTP Request: POST https://api.telegram.org/bot7721450926:AAHc3xILNUT4JqRiQJs0WF3gSH9j3QdUndU/getUpdates "HTTP/1.1 200 OK"
2025-05-20 15:01:17,427 - httpx - INFO - HTTP Request: POST https://api.telegram.org/bot7721450926:AAHc3xILNUT4JqRiQJs0WF3gSH9j3QdUndU/getUpdates "HTTP/1.1 200 OK"
2025-05-20 15:01:27,501 - httpx - INFO - HTTP Request: POST https://api.telegram.org/bot7721450926:AAHc3xILNUT4JqRiQJs0WF3gSH9j3QdUndU/getUpdates "HTTP/1.1 200 OK"
2025-05-20 15:01:37,591 - httpx - INFO - HTTP Request: POST https://api.telegram.org/bot7721450926:AAHc3xILNUT4JqRiQJs0WF3gSH9j3QdUndU/getUpdates "HTTP/1.1 200 OK"
2025-05-20 15:01:47,670 - httpx - INFO - HTTP Request: POST https://api.telegram.org/bot7721450926:AAHc3xILNUT4JqRiQJs0WF3gSH9j3QdUndU/getUpdates "HTTP/1.1 200 OK"
2025-05-20 15:01:57,748 - httpx - INFO - HTTP Request: POST https://api.telegram.org/bot7721450926:AAHc3xILNUT4JqRiQJs0WF3gSH9j3QdUndU/getUpdates "HTTP/1.1 200 OK"
2025-05-20 15:01:58,306 - httpx - INFO - HTTP Request: POST https://api.telegram.org/bot7721450926:AAHc3xILNUT4JqRiQJs0WF3gSH9j3QdUndU/getUpdates "HTTP/1.1 200 OK"
2025-05-20 15:02:00,951 - httpx - INFO - HTTP Request: POST https://api.telegram.org/bot7721450926:AAHc3xILNUT4JqRiQJs0WF3gSH9j3QdUndU/getUpdates "HTTP/1.1 200 OK"
2025-05-20 15:02:01,704 - httpx - INFO - HTTP Request: POST https://api.telegram.org/bot7721450926:AAHc3xILNUT4JqRiQJs0WF3gSH9j3QdUndU/getUpdates "HTTP/1.1 200 OK"
2025-05-20 15:02:02,850 - httpx - INFO - HTTP Request: POST https://api.telegram.org/bot7721450926:AAHc3xILNUT4JqRiQJs0WF3gSH9j3QdUndU/getUpdates "HTTP/1.1 200 OK"
2025-05-20 15:02:02,855 - __main__ - INFO - Restart command received from user 1052390992
2025-05-20 15:02:03,123 - httpx - INFO - HTTP Request: POST https://api.telegram.org/bot7721450926:AAHc3xILNUT4JqRiQJs0WF3gSH9j3QdUndU/sendMessage "HTTP/1.1 200 OK"
2025-05-20 15:02:03,125 - __main__ - INFO - Start command received from user 1052390992
2025-05-20 15:02:03,238 - httpx - INFO - HTTP Request: POST https://api.telegram.org/bot7721450926:AAHc3xILNUT4JqRiQJs0WF3gSH9j3QdUndU/sendMessage "HTTP/1.1 200 OK"
2025-05-20 15:02:03,239 - __main__ - INFO - Start message sent to user 1052390992
2025-05-20 15:02:05,638 - httpx - INFO - HTTP Request: POST https://api.telegram.org/bot7721450926:AAHc3xILNUT4JqRiQJs0WF3gSH9j3QdUndU/getUpdates "HTTP/1.1 200 OK"
2025-05-20 15:02:15,718 - httpx - INFO - HTTP Request: POST https://api.telegram.org/bot7721450926:AAHc3xILNUT4JqRiQJs0WF3gSH9j3QdUndU/getUpdates "HTTP/1.1 200 OK"
2025-05-20 15:02:25,801 - httpx - INFO - HTTP Request: POST https://api.telegram.org/bot7721450926:AAHc3xILNUT4JqRiQJs0WF3gSH9j3QdUndU/getUpdates "HTTP/1.1 200 OK"
2025-05-20 15:02:35,881 - httpx - INFO - HTTP Request: POST https://api.telegram.org/bot7721450926:AAHc3xILNUT4JqRiQJs0WF3gSH9j3QdUndU/getUpdates "HTTP/1.1 200 OK"
2025-05-20 15:02:45,963 - httpx - INFO - HTTP Request: POST https://api.telegram.org/bot7721450926:AAHc3xILNUT4JqRiQJs0WF3gSH9j3QdUndU/getUpdates "HTTP/1.1 200 OK"
2025-05-20 15:02:56,101 - httpx - INFO - HTTP Request: POST https://api.telegram.org/bot7721450926:AAHc3xILNUT4JqRiQJs0WF3gSH9j3QdUndU/getUpdates "HTTP/1.1 200 OK"
2025-05-20 15:03:06,188 - httpx - INFO - HTTP Request: POST https://api.telegram.org/bot7721450926:AAHc3xILNUT4JqRiQJs0WF3gSH9j3QdUndU/getUpdates "HTTP/1.1 200 OK"
2025-05-20 15:03:16,263 - httpx - INFO - HTTP Request: POST https://api.telegram.org/bot7721450926:AAHc3xILNUT4JqRiQJs0WF3gSH9j3QdUndU/getUpdates "HTTP/1.1 200 OK"
2025-05-20 15:03:19,797 - httpx - INFO - HTTP Request: POST https://api.telegram.org/bot7721450926:AAHc3xILNUT4JqRiQJs0WF3gSH9j3QdUndU/getUpdates "HTTP/1.1 200 OK"
2025-05-20 15:03:19,800 - telegram.ext.Application - INFO - Application is stopping. This might take a moment.
2025-05-20 15:03:19,801 - telegram.ext.Application - INFO - Application.stop() complete
2025-05-20 15:03:26,211 - httpx - INFO - HTTP Request: POST https://api.telegram.org/bot7721450926:AAHc3xILNUT4JqRiQJs0WF3gSH9j3QdUndU/getMe "HTTP/1.1 200 OK"
2025-05-20 15:03:26,293 - httpx - INFO - HTTP Request: POST https://api.telegram.org/bot7721450926:AAHc3xILNUT4JqRiQJs0WF3gSH9j3QdUndU/deleteWebhook "HTTP/1.1 200 OK"
2025-05-20 15:03:26,293 - telegram.ext.Application - INFO - Application started
2025-05-20 15:03:36,537 - httpx - INFO - HTTP Request: POST https://api.telegram.org/bot7721450926:AAHc3xILNUT4JqRiQJs0WF3gSH9j3QdUndU/getUpdates "HTTP/1.1 200 OK"
2025-05-20 15:03:37,081 - httpx - INFO - HTTP Request: POST https://api.telegram.org/bot7721450926:AAHc3xILNUT4JqRiQJs0WF3gSH9j3QdUndU/getUpdates "HTTP/1.1 200 OK"
2025-05-20 15:03:37,081 - __main__ - INFO - Start command received from user 1052390992
2025-05-20 15:03:37,451 - httpx - INFO - HTTP Request: POST https://api.telegram.org/bot7721450926:AAHc3xILNUT4JqRiQJs0WF3gSH9j3QdUndU/sendMessage "HTTP/1.1 200 OK"
2025-05-20 15:03:37,451 - __main__ - INFO - Start message sent to user 1052390992
2025-05-20 15:03:38,689 - httpx - INFO - HTTP Request: POST https://api.telegram.org/bot7721450926:AAHc3xILNUT4JqRiQJs0WF3gSH9j3QdUndU/getUpdates "HTTP/1.1 200 OK"
2025-05-20 15:03:38,838 - httpx - INFO - HTTP Request: POST https://api.telegram.org/bot7721450926:AAHc3xILNUT4JqRiQJs0WF3gSH9j3QdUndU/answerCallbackQuery "HTTP/1.1 200 OK"
2025-05-20 15:03:39,051 - httpx - INFO - HTTP Request: POST https://api.telegram.org/bot7721450926:AAHc3xILNUT4JqRiQJs0WF3gSH9j3QdUndU/editMessageText "HTTP/1.1 200 OK"
2025-05-20 15:03:40,247 - httpx - INFO - HTTP Request: POST https://api.telegram.org/bot7721450926:AAHc3xILNUT4JqRiQJs0WF3gSH9j3QdUndU/getUpdates "HTTP/1.1 200 OK"
2025-05-20 15:03:40,361 - httpx - INFO - HTTP Request: POST https://api.telegram.org/bot7721450926:AAHc3xILNUT4JqRiQJs0WF3gSH9j3QdUndU/answerCallbackQuery "HTTP/1.1 200 OK"
2025-05-20 15:03:40,465 - httpx - INFO - HTTP Request: POST https://api.telegram.org/bot7721450926:AAHc3xILNUT4JqRiQJs0WF3gSH9j3QdUndU/editMessageText "HTTP/1.1 200 OK"
2025-05-20 15:03:43,630 - httpx - INFO - HTTP Request: POST https://api.telegram.org/bot7721450926:AAHc3xILNUT4JqRiQJs0WF3gSH9j3QdUndU/getUpdates "HTTP/1.1 200 OK"
2025-05-20 15:03:53,712 - httpx - INFO - HTTP Request: POST https://api.telegram.org/bot7721450926:AAHc3xILNUT4JqRiQJs0WF3gSH9j3QdUndU/getUpdates "HTTP/1.1 200 OK"
2025-05-20 15:04:03,857 - httpx - INFO - HTTP Request: POST https://api.telegram.org/bot7721450926:AAHc3xILNUT4JqRiQJs0WF3gSH9j3QdUndU/getUpdates "HTTP/1.1 200 OK"
2025-05-20 15:04:13,971 - httpx - INFO - HTTP Request: POST https://api.telegram.org/bot7721450926:AAHc3xILNUT4JqRiQJs0WF3gSH9j3QdUndU/getUpdates "HTTP/1.1 200 OK"
2025-05-20 15:04:24,204 - httpx - INFO - HTTP Request: POST https://api.telegram.org/bot7721450926:AAHc3xILNUT4JqRiQJs0WF3gSH9j3QdUndU/getUpdates "HTTP/1.1 200 OK"
2025-05-20 15:04:34,339 - httpx - INFO - HTTP Request: POST https://api.telegram.org/bot7721450926:AAHc3xILNUT4JqRiQJs0WF3gSH9j3QdUndU/getUpdates "HTTP/1.1 200 OK"
2025-05-20 15:04:44,459 - httpx - INFO - HTTP Request: POST https://api.telegram.org/bot7721450926:AAHc3xILNUT4JqRiQJs0WF3gSH9j3QdUndU/getUpdates "HTTP/1.1 200 OK"
2025-05-20 15:04:54,562 - httpx - INFO - HTTP Request: POST https://api.telegram.org/bot7721450926:AAHc3xILNUT4JqRiQJs0WF3gSH9j3QdUndU/getUpdates "HTTP/1.1 200 OK"
2025-05-20 15:05:04,648 - httpx - INFO - HTTP Request: POST https://api.telegram.org/bot7721450926:AAHc3xILNUT4JqRiQJs0WF3gSH9j3QdUndU/getUpdates "HTTP/1.1 200 OK"
2025-05-20 15:05:14,742 - httpx - INFO - HTTP Request: POST https://api.telegram.org/bot7721450926:AAHc3xILNUT4JqRiQJs0WF3gSH9j3QdUndU/getUpdates "HTTP/1.1 200 OK"
2025-05-20 15:05:24,830 - httpx - INFO - HTTP Request: POST https://api.telegram.org/bot7721450926:AAHc3xILNUT4JqRiQJs0WF3gSH9j3QdUndU/getUpdates "HTTP/1.1 200 OK"
2025-05-20 15:05:34,915 - httpx - INFO - HTTP Request: POST https://api.telegram.org/bot7721450926:AAHc3xILNUT4JqRiQJs0WF3gSH9j3QdUndU/getUpdates "HTTP/1.1 200 OK"
2025-05-20 15:05:44,999 - httpx - INFO - HTTP Request: POST https://api.telegram.org/bot7721450926:AAHc3xILNUT4JqRiQJs0WF3gSH9j3QdUndU/getUpdates "HTTP/1.1 200 OK"
2025-05-20 15:05:55,120 - httpx - INFO - HTTP Request: POST https://api.telegram.org/bot7721450926:AAHc3xILNUT4JqRiQJs0WF3gSH9j3QdUndU/getUpdates "HTTP/1.1 200 OK"
2025-05-20 15:06:05,223 - httpx - INFO - HTTP Request: POST https://api.telegram.org/bot7721450926:AAHc3xILNUT4JqRiQJs0WF3gSH9j3QdUndU/getUpdates "HTTP/1.1 200 OK"
2025-05-20 15:06:15,320 - httpx - INFO - HTTP Request: POST https://api.telegram.org/bot7721450926:AAHc3xILNUT4JqRiQJs0WF3gSH9j3QdUndU/getUpdates "HTTP/1.1 200 OK"
2025-05-20 15:06:25,403 - httpx - INFO - HTTP Request: POST https://api.telegram.org/bot7721450926:AAHc3xILNUT4JqRiQJs0WF3gSH9j3QdUndU/getUpdates "HTTP/1.1 200 OK"
2025-05-20 15:06:35,486 - httpx - INFO - HTTP Request: POST https://api.telegram.org/bot7721450926:AAHc3xILNUT4JqRiQJs0WF3gSH9j3QdUndU/getUpdates "HTTP/1.1 200 OK"
2025-05-20 15:06:45,570 - httpx - INFO - HTTP Request: POST https://api.telegram.org/bot7721450926:AAHc3xILNUT4JqRiQJs0WF3gSH9j3QdUndU/getUpdates "HTTP/1.1 200 OK"
2025-05-20 15:06:55,682 - httpx - INFO - HTTP Request: POST https://api.telegram.org/bot7721450926:AAHc3xILNUT4JqRiQJs0WF3gSH9j3QdUndU/getUpdates "HTTP/1.1 200 OK"
2025-05-20 15:07:05,770 - httpx - INFO - HTTP Request: POST https://api.telegram.org/bot7721450926:AAHc3xILNUT4JqRiQJs0WF3gSH9j3QdUndU/getUpdates "HTTP/1.1 200 OK"
2025-05-20 15:07:15,860 - httpx - INFO - HTTP Request: POST https://api.telegram.org/bot7721450926:AAHc3xILNUT4JqRiQJs0WF3gSH9j3QdUndU/getUpdates "HTTP/1.1 200 OK"
2025-05-20 15:07:25,950 - httpx - INFO - HTTP Request: POST https://api.telegram.org/bot7721450926:AAHc3xILNUT4JqRiQJs0WF3gSH9j3QdUndU/getUpdates "HTTP/1.1 200 OK"
2025-05-20 15:07:36,060 - httpx - INFO - HTTP Request: POST https://api.telegram.org/bot7721450926:AAHc3xILNUT4JqRiQJs0WF3gSH9j3QdUndU/getUpdates "HTTP/1.1 200 OK"
2025-05-20 15:07:46,213 - httpx - INFO - HTTP Request: POST https://api.telegram.org/bot7721450926:AAHc3xILNUT4JqRiQJs0WF3gSH9j3QdUndU/getUpdates "HTTP/1.1 200 OK"
2025-05-20 15:07:56,302 - httpx - INFO - HTTP Request: POST https://api.telegram.org/bot7721450926:AAHc3xILNUT4JqRiQJs0WF3gSH9j3QdUndU/getUpdates "HTTP/1.1 200 OK"
2025-05-20 15:08:06,386 - httpx - INFO - HTTP Request: POST https://api.telegram.org/bot7721450926:AAHc3xILNUT4JqRiQJs0WF3gSH9j3QdUndU/getUpdates "HTTP/1.1 200 OK"
2025-05-20 15:08:16,460 - httpx - INFO - HTTP Request: POST https://api.telegram.org/bot7721450926:AAHc3xILNUT4JqRiQJs0WF3gSH9j3QdUndU/getUpdates "HTTP/1.1 200 OK"
2025-05-20 15:08:26,550 - httpx - INFO - HTTP Request: POST https://api.telegram.org/bot7721450926:AAHc3xILNUT4JqRiQJs0WF3gSH9j3QdUndU/getUpdates "HTTP/1.1 200 OK"
2025-05-20 15:08:36,655 - httpx - INFO - HTTP Request: POST https://api.telegram.org/bot7721450926:AAHc3xILNUT4JqRiQJs0WF3gSH9j3QdUndU/getUpdates "HTTP/1.1 200 OK"
2025-05-20 15:08:46,757 - httpx - INFO - HTTP Request: POST https://api.telegram.org/bot7721450926:AAHc3xILNUT4JqRiQJs0WF3gSH9j3QdUndU/getUpdates "HTTP/1.1 200 OK"
2025-05-20 15:08:56,900 - httpx - INFO - HTTP Request: POST https://api.telegram.org/bot7721450926:AAHc3xILNUT4JqRiQJs0WF3gSH9j3QdUndU/getUpdates "HTTP/1.1 200 OK"
2025-05-20 15:09:06,990 - httpx - INFO - HTTP Request: POST https://api.telegram.org/bot7721450926:AAHc3xILNUT4JqRiQJs0WF3gSH9j3QdUndU/getUpdates "HTTP/1.1 200 OK"
2025-05-20 15:09:17,073 - httpx - INFO - HTTP Request: POST https://api.telegram.org/bot7721450926:AAHc3xILNUT4JqRiQJs0WF3gSH9j3QdUndU/getUpdates "HTTP/1.1 200 OK"
2025-05-20 15:09:27,163 - httpx - INFO - HTTP Request: POST https://api.telegram.org/bot7721450926:AAHc3xILNUT4JqRiQJs0WF3gSH9j3QdUndU/getUpdates "HTTP/1.1 200 OK"
2025-05-20 15:09:37,253 - httpx - INFO - HTTP Request: POST https://api.telegram.org/bot7721450926:AAHc3xILNUT4JqRiQJs0WF3gSH9j3QdUndU/getUpdates "HTTP/1.1 200 OK"
2025-05-20 15:09:47,501 - httpx - INFO - HTTP Request: POST https://api.telegram.org/bot7721450926:AAHc3xILNUT4JqRiQJs0WF3gSH9j3QdUndU/getUpdates "HTTP/1.1 200 OK"
2025-05-20 15:09:57,610 - httpx - INFO - HTTP Request: POST https://api.telegram.org/bot7721450926:AAHc3xILNUT4JqRiQJs0WF3gSH9j3QdUndU/getUpdates "HTTP/1.1 200 OK"
2025-05-20 15:10:07,703 - httpx - INFO - HTTP Request: POST https://api.telegram.org/bot7721450926:AAHc3xILNUT4JqRiQJs0WF3gSH9j3QdUndU/getUpdates "HTTP/1.1 200 OK"
2025-05-20 15:10:17,806 - httpx - INFO - HTTP Request: POST https://api.telegram.org/bot7721450926:AAHc3xILNUT4JqRiQJs0WF3gSH9j3QdUndU/getUpdates "HTTP/1.1 200 OK"
2025-05-20 15:10:27,893 - httpx - INFO - HTTP Request: POST https://api.telegram.org/bot7721450926:AAHc3xILNUT4JqRiQJs0WF3gSH9j3QdUndU/getUpdates "HTTP/1.1 200 OK"
2025-05-20 15:10:37,980 - httpx - INFO - HTTP Request: POST https://api.telegram.org/bot7721450926:AAHc3xILNUT4JqRiQJs0WF3gSH9j3QdUndU/getUpdates "HTTP/1.1 200 OK"
2025-05-20 15:10:48,079 - httpx - INFO - HTTP Request: POST https://api.telegram.org/bot7721450926:AAHc3xILNUT4JqRiQJs0WF3gSH9j3QdUndU/getUpdates "HTTP/1.1 200 OK"
2025-05-20 15:10:58,273 - httpx - INFO - HTTP Request: POST https://api.telegram.org/bot7721450926:AAHc3xILNUT4JqRiQJs0WF3gSH9j3QdUndU/getUpdates "HTTP/1.1 200 OK"
2025-05-20 15:11:08,501 - httpx - INFO - HTTP Request: POST https://api.telegram.org/bot7721450926:AAHc3xILNUT4JqRiQJs0WF3gSH9j3QdUndU/getUpdates "HTTP/1.1 200 OK"
2025-05-20 15:11:18,600 - httpx - INFO - HTTP Request: POST https://api.telegram.org/bot7721450926:AAHc3xILNUT4JqRiQJs0WF3gSH9j3QdUndU/getUpdates "HTTP/1.1 200 OK"
2025-05-20 15:11:28,679 - httpx - INFO - HTTP Request: POST https://api.telegram.org/bot7721450926:AAHc3xILNUT4JqRiQJs0WF3gSH9j3QdUndU/getUpdates "HTTP/1.1 200 OK"
2025-05-20 15:11:38,765 - httpx - INFO - HTTP Request: POST https://api.telegram.org/bot7721450926:AAHc3xILNUT4JqRiQJs0WF3gSH9j3QdUndU/getUpdates "HTTP/1.1 200 OK"
2025-05-20 15:11:48,849 - httpx - INFO - HTTP Request: POST https://api.telegram.org/bot7721450926:AAHc3xILNUT4JqRiQJs0WF3gSH9j3QdUndU/getUpdates "HTTP/1.1 200 OK"
2025-05-20 15:11:58,934 - httpx - INFO - HTTP Request: POST https://api.telegram.org/bot7721450926:AAHc3xILNUT4JqRiQJs0WF3gSH9j3QdUndU/getUpdates "HTTP/1.1 200 OK"
2025-05-20 15:12:09,074 - httpx - INFO - HTTP Request: POST https://api.telegram.org/bot7721450926:AAHc3xILNUT4JqRiQJs0WF3gSH9j3QdUndU/getUpdates "HTTP/1.1 200 OK"
2025-05-20 15:12:19,159 - httpx - INFO - HTTP Request: POST https://api.telegram.org/bot7721450926:AAHc3xILNUT4JqRiQJs0WF3gSH9j3QdUndU/getUpdates "HTTP/1.1 200 OK"
2025-05-20 15:12:29,246 - httpx - INFO - HTTP Request: POST https://api.telegram.org/bot7721450926:AAHc3xILNUT4JqRiQJs0WF3gSH9j3QdUndU/getUpdates "HTTP/1.1 200 OK"
2025-05-20 15:12:39,328 - httpx - INFO - HTTP Request: POST https://api.telegram.org/bot7721450926:AAHc3xILNUT4JqRiQJs0WF3gSH9j3QdUndU/getUpdates "HTTP/1.1 200 OK"
2025-05-20 15:12:49,409 - httpx - INFO - HTTP Request: POST https://api.telegram.org/bot7721450926:AAHc3xILNUT4JqRiQJs0WF3gSH9j3QdUndU/getUpdates "HTTP/1.1 200 OK"
2025-05-20 15:12:59,499 - httpx - INFO - HTTP Request: POST https://api.telegram.org/bot7721450926:AAHc3xILNUT4JqRiQJs0WF3gSH9j3QdUndU/getUpdates "HTTP/1.1 200 OK"
2025-05-20 15:13:09,579 - httpx - INFO - HTTP Request: POST https://api.telegram.org/bot7721450926:AAHc3xILNUT4JqRiQJs0WF3gSH9j3QdUndU/getUpdates "HTTP/1.1 200 OK"
2025-05-20 15:13:19,668 - httpx - INFO - HTTP Request: POST https://api.telegram.org/bot7721450926:AAHc3xILNUT4JqRiQJs0WF3gSH9j3QdUndU/getUpdates "HTTP/1.1 200 OK"
2025-05-20 15:13:29,749 - httpx - INFO - HTTP Request: POST https://api.telegram.org/bot7721450926:AAHc3xILNUT4JqRiQJs0WF3gSH9j3QdUndU/getUpdates "HTTP/1.1 200 OK"
2025-05-20 15:13:39,833 - httpx - INFO - HTTP Request: POST https://api.telegram.org/bot7721450926:AAHc3xILNUT4JqRiQJs0WF3gSH9j3QdUndU/getUpdates "HTTP/1.1 200 OK"
2025-05-20 15:13:49,910 - httpx - INFO - HTTP Request: POST https://api.telegram.org/bot7721450926:AAHc3xILNUT4JqRiQJs0WF3gSH9j3QdUndU/getUpdates "HTTP/1.1 200 OK"
2025-05-20 15:13:59,999 - httpx - INFO - HTTP Request: POST https://api.telegram.org/bot7721450926:AAHc3xILNUT4JqRiQJs0WF3gSH9j3QdUndU/getUpdates "HTTP/1.1 200 OK"
2025-05-20 15:14:10,096 - httpx - INFO - HTTP Request: POST https://api.telegram.org/bot7721450926:AAHc3xILNUT4JqRiQJs0WF3gSH9j3QdUndU/getUpdates "HTTP/1.1 200 OK"
2025-05-20 15:14:20,189 - httpx - INFO - HTTP Request: POST https://api.telegram.org/bot7721450926:AAHc3xILNUT4JqRiQJs0WF3gSH9j3QdUndU/getUpdates "HTTP/1.1 200 OK"
2025-05-20 15:14:30,269 - httpx - INFO - HTTP Request: POST https://api.telegram.org/bot7721450926:AAHc3xILNUT4JqRiQJs0WF3gSH9j3QdUndU/getUpdates "HTTP/1.1 200 OK"
2025-05-20 15:14:40,379 - httpx - INFO - HTTP Request: POST https://api.telegram.org/bot7721450926:AAHc3xILNUT4JqRiQJs0WF3gSH9j3QdUndU/getUpdates "HTTP/1.1 200 OK"
2025-05-20 15:14:50,459 - httpx - INFO - HTTP Request: POST https://api.telegram.org/bot7721450926:AAHc3xILNUT4JqRiQJs0WF3gSH9j3QdUndU/getUpdates "HTTP/1.1 200 OK"
2025-05-20 15:15:00,543 - httpx - INFO - HTTP Request: POST https://api.telegram.org/bot7721450926:AAHc3xILNUT4JqRiQJs0WF3gSH9j3QdUndU/getUpdates "HTTP/1.1 200 OK"
2025-05-20 15:15:10,629 - httpx - INFO - HTTP Request: POST https://api.telegram.org/bot7721450926:AAHc3xILNUT4JqRiQJs0WF3gSH9j3QdUndU/getUpdates "HTTP/1.1 200 OK"
2025-05-20 15:15:20,711 - httpx - INFO - HTTP Request: POST https://api.telegram.org/bot7721450926:AAHc3xILNUT4JqRiQJs0WF3gSH9j3QdUndU/getUpdates "HTTP/1.1 200 OK"
2025-05-20 15:15:30,799 - httpx - INFO - HTTP Request: POST https://api.telegram.org/bot7721450926:AAHc3xILNUT4JqRiQJs0WF3gSH9j3QdUndU/getUpdates "HTTP/1.1 200 OK"
2025-05-20 15:15:40,879 - httpx - INFO - HTTP Request: POST https://api.telegram.org/bot7721450926:AAHc3xILNUT4JqRiQJs0WF3gSH9j3QdUndU/getUpdates "HTTP/1.1 200 OK"
2025-05-20 15:15:50,966 - httpx - INFO - HTTP Request: POST https://api.telegram.org/bot7721450926:AAHc3xILNUT4JqRiQJs0WF3gSH9j3QdUndU/getUpdates "HTTP/1.1 200 OK"
2025-05-20 15:16:01,053 - httpx - INFO - HTTP Request: POST https://api.telegram.org/bot7721450926:AAHc3xILNUT4JqRiQJs0WF3gSH9j3QdUndU/getUpdates "HTTP/1.1 200 OK"
2025-05-20 15:16:11,137 - httpx - INFO - HTTP Request: POST https://api.telegram.org/bot7721450926:AAHc3xILNUT4JqRiQJs0WF3gSH9j3QdUndU/getUpdates "HTTP/1.1 200 OK"
2025-05-20 15:16:21,221 - httpx - INFO - HTTP Request: POST https://api.telegram.org/bot7721450926:AAHc3xILNUT4JqRiQJs0WF3gSH9j3QdUndU/getUpdates "HTTP/1.1 200 OK"
2025-05-20 15:16:31,309 - httpx - INFO - HTTP Request: POST https://api.telegram.org/bot7721450926:AAHc3xILNUT4JqRiQJs0WF3gSH9j3QdUndU/getUpdates "HTTP/1.1 200 OK"
2025-05-20 15:16:41,392 - httpx - INFO - HTTP Request: POST https://api.telegram.org/bot7721450926:AAHc3xILNUT4JqRiQJs0WF3gSH9j3QdUndU/getUpdates "HTTP/1.1 200 OK"
2025-05-20 15:16:51,476 - httpx - INFO - HTTP Request: POST https://api.telegram.org/bot7721450926:AAHc3xILNUT4JqRiQJs0WF3gSH9j3QdUndU/getUpdates "HTTP/1.1 200 OK"
2025-05-20 15:17:01,557 - httpx - INFO - HTTP Request: POST https://api.telegram.org/bot7721450926:AAHc3xILNUT4JqRiQJs0WF3gSH9j3QdUndU/getUpdates "HTTP/1.1 200 OK"
2025-05-20 15:17:11,641 - httpx - INFO - HTTP Request: POST https://api.telegram.org/bot7721450926:AAHc3xILNUT4JqRiQJs0WF3gSH9j3QdUndU/getUpdates "HTTP/1.1 200 OK"
2025-05-20 15:17:21,725 - httpx - INFO - HTTP Request: POST https://api.telegram.org/bot7721450926:AAHc3xILNUT4JqRiQJs0WF3gSH9j3QdUndU/getUpdates "HTTP/1.1 200 OK"
2025-05-20 15:17:31,808 - httpx - INFO - HTTP Request: POST https://api.telegram.org/bot7721450926:AAHc3xILNUT4JqRiQJs0WF3gSH9j3QdUndU/getUpdates "HTTP/1.1 200 OK"
2025-05-20 15:17:41,894 - httpx - INFO - HTTP Request: POST https://api.telegram.org/bot7721450926:AAHc3xILNUT4JqRiQJs0WF3gSH9j3QdUndU/getUpdates "HTTP/1.1 200 OK"
2025-05-20 15:17:51,980 - httpx - INFO - HTTP Request: POST https://api.telegram.org/bot7721450926:AAHc3xILNUT4JqRiQJs0WF3gSH9j3QdUndU/getUpdates "HTTP/1.1 200 OK"
2025-05-20 15:18:02,060 - httpx - INFO - HTTP Request: POST https://api.telegram.org/bot7721450926:AAHc3xILNUT4JqRiQJs0WF3gSH9j3QdUndU/getUpdates "HTTP/1.1 200 OK"
2025-05-20 15:18:12,149 - httpx - INFO - HTTP Request: POST https://api.telegram.org/bot7721450926:AAHc3xILNUT4JqRiQJs0WF3gSH9j3QdUndU/getUpdates "HTTP/1.1 200 OK"
2025-05-20 15:18:22,320 - httpx - INFO - HTTP Request: POST https://api.telegram.org/bot7721450926:AAHc3xILNUT4JqRiQJs0WF3gSH9j3QdUndU/getUpdates "HTTP/1.1 200 OK"
2025-05-20 15:18:32,408 - httpx - INFO - HTTP Request: POST https://api.telegram.org/bot7721450926:AAHc3xILNUT4JqRiQJs0WF3gSH9j3QdUndU/getUpdates "HTTP/1.1 200 OK"
2025-05-20 15:18:42,490 - httpx - INFO - HTTP Request: POST https://api.telegram.org/bot7721450926:AAHc3xILNUT4JqRiQJs0WF3gSH9j3QdUndU/getUpdates "HTTP/1.1 200 OK"
2025-05-20 15:18:52,578 - httpx - INFO - HTTP Request: POST https://api.telegram.org/bot7721450926:AAHc3xILNUT4JqRiQJs0WF3gSH9j3QdUndU/getUpdates "HTTP/1.1 200 OK"
2025-05-20 15:19:02,682 - httpx - INFO - HTTP Request: POST https://api.telegram.org/bot7721450926:AAHc3xILNUT4JqRiQJs0WF3gSH9j3QdUndU/getUpdates "HTTP/1.1 200 OK"
2025-05-20 15:19:12,762 - httpx - INFO - HTTP Request: POST https://api.telegram.org/bot7721450926:AAHc3xILNUT4JqRiQJs0WF3gSH9j3QdUndU/getUpdates "HTTP/1.1 200 OK"
2025-05-20 15:19:22,850 - httpx - INFO - HTTP Request: POST https://api.telegram.org/bot7721450926:AAHc3xILNUT4JqRiQJs0WF3gSH9j3QdUndU/getUpdates "HTTP/1.1 200 OK"
2025-05-20 15:19:32,935 - httpx - INFO - HTTP Request: POST https://api.telegram.org/bot7721450926:AAHc3xILNUT4JqRiQJs0WF3gSH9j3QdUndU/getUpdates "HTTP/1.1 200 OK"
2025-05-20 15:19:43,028 - httpx - INFO - HTTP Request: POST https://api.telegram.org/bot7721450926:AAHc3xILNUT4JqRiQJs0WF3gSH9j3QdUndU/getUpdates "HTTP/1.1 200 OK"
2025-05-20 15:19:53,503 - httpx - INFO - HTTP Request: POST https://api.telegram.org/bot7721450926:AAHc3xILNUT4JqRiQJs0WF3gSH9j3QdUndU/getUpdates "HTTP/1.1 200 OK"
2025-05-20 15:20:03,588 - httpx - INFO - HTTP Request: POST https://api.telegram.org/bot7721450926:AAHc3xILNUT4JqRiQJs0WF3gSH9j3QdUndU/getUpdates "HTTP/1.1 200 OK"
2025-05-20 15:20:13,685 - httpx - INFO - HTTP Request: POST https://api.telegram.org/bot7721450926:AAHc3xILNUT4JqRiQJs0WF3gSH9j3QdUndU/getUpdates "HTTP/1.1 200 OK"
2025-05-20 15:20:23,763 - httpx - INFO - HTTP Request: POST https://api.telegram.org/bot7721450926:AAHc3xILNUT4JqRiQJs0WF3gSH9j3QdUndU/getUpdates "HTTP/1.1 200 OK"
2025-05-20 15:20:33,840 - httpx - INFO - HTTP Request: POST https://api.telegram.org/bot7721450926:AAHc3xILNUT4JqRiQJs0WF3gSH9j3QdUndU/getUpdates "HTTP/1.1 200 OK"
2025-05-20 15:20:43,915 - httpx - INFO - HTTP Request: POST https://api.telegram.org/bot7721450926:AAHc3xILNUT4JqRiQJs0WF3gSH9j3QdUndU/getUpdates "HTTP/1.1 200 OK"
2025-05-20 15:20:54,031 - httpx - INFO - HTTP Request: POST https://api.telegram.org/bot7721450926:AAHc3xILNUT4JqRiQJs0WF3gSH9j3QdUndU/getUpdates "HTTP/1.1 200 OK"
2025-05-20 15:21:04,108 - httpx - INFO - HTTP Request: POST https://api.telegram.org/bot7721450926:AAHc3xILNUT4JqRiQJs0WF3gSH9j3QdUndU/getUpdates "HTTP/1.1 200 OK"
2025-05-20 15:21:14,188 - httpx - INFO - HTTP Request: POST https://api.telegram.org/bot7721450926:AAHc3xILNUT4JqRiQJs0WF3gSH9j3QdUndU/getUpdates "HTTP/1.1 200 OK"
2025-05-20 15:21:24,269 - httpx - INFO - HTTP Request: POST https://api.telegram.org/bot7721450926:AAHc3xILNUT4JqRiQJs0WF3gSH9j3QdUndU/getUpdates "HTTP/1.1 200 OK"
2025-05-20 15:21:34,357 - httpx - INFO - HTTP Request: POST https://api.telegram.org/bot7721450926:AAHc3xILNUT4JqRiQJs0WF3gSH9j3QdUndU/getUpdates "HTTP/1.1 200 OK"
2025-05-20 15:21:44,801 - httpx - INFO - HTTP Request: POST https://api.telegram.org/bot7721450926:AAHc3xILNUT4JqRiQJs0WF3gSH9j3QdUndU/getUpdates "HTTP/1.1 200 OK"
2025-05-20 15:21:54,880 - httpx - INFO - HTTP Request: POST https://api.telegram.org/bot7721450926:AAHc3xILNUT4JqRiQJs0WF3gSH9j3QdUndU/getUpdates "HTTP/1.1 200 OK"
2025-05-20 15:22:04,987 - httpx - INFO - HTTP Request: POST https://api.telegram.org/bot7721450926:AAHc3xILNUT4JqRiQJs0WF3gSH9j3QdUndU/getUpdates "HTTP/1.1 200 OK"
2025-05-20 15:22:15,146 - httpx - INFO - HTTP Request: POST https://api.telegram.org/bot7721450926:AAHc3xILNUT4JqRiQJs0WF3gSH9j3QdUndU/getUpdates "HTTP/1.1 200 OK"
2025-05-20 15:22:25,224 - httpx - INFO - HTTP Request: POST https://api.telegram.org/bot7721450926:AAHc3xILNUT4JqRiQJs0WF3gSH9j3QdUndU/getUpdates "HTTP/1.1 200 OK"
